DEPRECATION WARNING: ActiveRecord::Base.raise_in_transactional_callbacks= is deprecated, has no effect and will be removed without replacement. (called from <top (required)> at /home/dshop/Projects/Advertising/config/environment.rb:5)
Started GET "/" for 127.0.0.1 at 2020-10-28 14:51:32 +0300
  [1m[36mActiveRecord::SchemaMigration Load (0.1ms)[0m  [1m[34mSELECT `schema_migrations`.* FROM `schema_migrations`[0m
Processing by PinsController#index as HTML
  Rendering pins/index.html.erb within layouts/application
DEPRECATION WARNING: Extra .css in SCSS file is unnecessary. Rename /home/dshop/Projects/Advertising/app/assets/stylesheets/dashboard_description.css.scss to /home/dshop/Projects/Advertising/app/assets/stylesheets/dashboard_description.scss. (called from _app_views_pins_index_html_erb__490210378551430276_37932180 at /home/dshop/Projects/Advertising/app/views/pins/index.html.erb:10)
DEPRECATION WARNING: Extra .css in SCSS file is unnecessary. Rename /home/dshop/Projects/Advertising/app/assets/stylesheets/tags.css.scss to /home/dshop/Projects/Advertising/app/assets/stylesheets/tags.scss. (called from _app_views_pins_index_html_erb__490210378551430276_37932180 at /home/dshop/Projects/Advertising/app/views/pins/index.html.erb:10)
DEPRECATION WARNING: Extra .css in SCSS file is unnecessary. Rename /home/dshop/Projects/Advertising/app/assets/stylesheets/dashboard_description.css.scss to /home/dshop/Projects/Advertising/app/assets/stylesheets/dashboard_description.scss. (called from _app_views_pins_index_html_erb__490210378551430276_37932180 at /home/dshop/Projects/Advertising/app/views/pins/index.html.erb:10)
DEPRECATION WARNING: Extra .css in SCSS file is unnecessary. Rename /home/dshop/Projects/Advertising/app/assets/stylesheets/tags.css.scss to /home/dshop/Projects/Advertising/app/assets/stylesheets/tags.scss. (called from _app_views_pins_index_html_erb__490210378551430276_37932180 at /home/dshop/Projects/Advertising/app/views/pins/index.html.erb:10)
  [1m[36mTag Load (0.1ms)[0m  [1m[34mSELECT `tags`.* FROM `tags`[0m
  [1m[36mPin Load (0.1ms)[0m  [1m[34mSELECT `pins`.* FROM `pins` ORDER BY created_at DESC[0m
  Rendered pins/index.html.erb within layouts/application (5424.6ms)
Completed 200 OK in 5663ms (Views: 5642.6ms | ActiveRecord: 1.2ms)


Started GET "/images/github-logo.svg" for 127.0.0.1 at 2020-10-28 14:51:37 +0300
  
ActionController::RoutingError (No route matches [GET] "/images/github-logo.svg"):
  
actionpack (5.0.7) lib/action_dispatch/middleware/debug_exceptions.rb:53:in `call'
web-console (2.3.0) lib/web_console/middleware.rb:28:in `block in call'
web-console (2.3.0) lib/web_console/middleware.rb:18:in `catch'
web-console (2.3.0) lib/web_console/middleware.rb:18:in `call'
actionpack (5.0.7) lib/action_dispatch/middleware/show_exceptions.rb:31:in `call'
railties (5.0.7) lib/rails/rack/logger.rb:36:in `call_app'
railties (5.0.7) lib/rails/rack/logger.rb:24:in `block in call'
activesupport (5.0.7) lib/active_support/tagged_logging.rb:69:in `block in tagged'
activesupport (5.0.7) lib/active_support/tagged_logging.rb:26:in `tagged'
activesupport (5.0.7) lib/active_support/tagged_logging.rb:69:in `tagged'
railties (5.0.7) lib/rails/rack/logger.rb:24:in `call'
actionpack (5.0.7) lib/action_dispatch/middleware/request_id.rb:24:in `call'
rack (2.0.5) lib/rack/method_override.rb:22:in `call'
rack (2.0.5) lib/rack/runtime.rb:22:in `call'
activesupport (5.0.7) lib/active_support/cache/strategy/local_cache_middleware.rb:28:in `call'
actionpack (5.0.7) lib/action_dispatch/middleware/executor.rb:12:in `call'
actionpack (5.0.7) lib/action_dispatch/middleware/static.rb:136:in `call'
rack (2.0.5) lib/rack/sendfile.rb:111:in `call'
railties (5.0.7) lib/rails/engine.rb:522:in `call'
thin (1.7.2) lib/thin/connection.rb:86:in `block in pre_process'
thin (1.7.2) lib/thin/connection.rb:84:in `catch'
thin (1.7.2) lib/thin/connection.rb:84:in `pre_process'
thin (1.7.2) lib/thin/connection.rb:53:in `process'
thin (1.7.2) lib/thin/connection.rb:39:in `receive_data'
eventmachine (1.2.7) lib/eventmachine.rb:195:in `run_machine'
eventmachine (1.2.7) lib/eventmachine.rb:195:in `run'
thin (1.7.2) lib/thin/backends/base.rb:73:in `start'
thin (1.7.2) lib/thin/server.rb:162:in `start'
rack (2.0.5) lib/rack/handler/thin.rb:22:in `run'
rack (2.0.5) lib/rack/server.rb:297:in `start'
railties (5.0.7) lib/rails/commands/server.rb:104:in `start'
railties (5.0.7) lib/rails/commands/commands_tasks.rb:90:in `block in server'
railties (5.0.7) lib/rails/commands/commands_tasks.rb:85:in `tap'
railties (5.0.7) lib/rails/commands/commands_tasks.rb:85:in `server'
railties (5.0.7) lib/rails/commands/commands_tasks.rb:49:in `run_command!'
railties (5.0.7) lib/rails/commands.rb:18:in `<top (required)>'
bin/rails:9:in `require'
bin/rails:9:in `<top (required)>'
spring (2.0.2) lib/spring/client/rails.rb:28:in `load'
spring (2.0.2) lib/spring/client/rails.rb:28:in `call'
spring (2.0.2) lib/spring/client/command.rb:7:in `call'
spring (2.0.2) lib/spring/client.rb:30:in `run'
spring (2.0.2) bin/spring:49:in `<top (required)>'
spring (2.0.2) lib/spring/binstub.rb:31:in `load'
spring (2.0.2) lib/spring/binstub.rb:31:in `<top (required)>'
bin/spring:15:in `require'
bin/spring:15:in `<top (required)>'
bin/rails:3:in `load'
bin/rails:3:in `<main>'
  Rendering /home/dshop/.rvm/gems/ruby-2.6.1/gems/actionpack-5.0.7/lib/action_dispatch/middleware/templates/rescues/routing_error.html.erb within rescues/layout
  Rendering /home/dshop/.rvm/gems/ruby-2.6.1/gems/actionpack-5.0.7/lib/action_dispatch/middleware/templates/rescues/_trace.html.erb
  Rendered /home/dshop/.rvm/gems/ruby-2.6.1/gems/actionpack-5.0.7/lib/action_dispatch/middleware/templates/rescues/_trace.html.erb (1.9ms)
  Rendered collection of /home/dshop/.rvm/gems/ruby-2.6.1/gems/actionpack-5.0.7/lib/action_dispatch/middleware/templates/routes/_route.html.erb [42 times] (19.9ms)
  Rendered /home/dshop/.rvm/gems/ruby-2.6.1/gems/actionpack-5.0.7/lib/action_dispatch/middleware/templates/routes/_table.html.erb (2.8ms)
  Rendering /home/dshop/.rvm/gems/ruby-2.6.1/gems/actionpack-5.0.7/lib/action_dispatch/middleware/templates/rescues/_request_and_response.html.erb
  Rendered /home/dshop/.rvm/gems/ruby-2.6.1/gems/actionpack-5.0.7/lib/action_dispatch/middleware/templates/rescues/_request_and_response.html.erb (1.1ms)
  Rendered /home/dshop/.rvm/gems/ruby-2.6.1/gems/actionpack-5.0.7/lib/action_dispatch/middleware/templates/rescues/routing_error.html.erb within rescues/layout (48.2ms)
DEPRECATION WARNING: Accessing mime types via constants is deprecated. Please change `Mime::HTML` to `Mime[:html]`. (called from require at /home/dshop/Projects/Advertising/bin/rails:9)
  Rendering /home/dshop/.rvm/gems/ruby-2.6.1/gems/web-console-2.3.0/lib/web_console/templates/index.html.erb
  Rendered /home/dshop/.rvm/gems/ruby-2.6.1/gems/web-console-2.3.0/lib/web_console/templates/_markup.html.erb (0.3ms)
  Rendering /home/dshop/.rvm/gems/ruby-2.6.1/gems/web-console-2.3.0/lib/web_console/templates/console.js.erb within layouts/javascript
  Rendering /home/dshop/.rvm/gems/ruby-2.6.1/gems/web-console-2.3.0/lib/web_console/templates/_inner_console_markup.html.erb within layouts/inlined_string
  Rendered /home/dshop/.rvm/gems/ruby-2.6.1/gems/web-console-2.3.0/lib/web_console/templates/_inner_console_markup.html.erb within layouts/inlined_string (0.5ms)
  Rendering /home/dshop/.rvm/gems/ruby-2.6.1/gems/web-console-2.3.0/lib/web_console/templates/_prompt_box_markup.html.erb within layouts/inlined_string
  Rendered /home/dshop/.rvm/gems/ruby-2.6.1/gems/web-console-2.3.0/lib/web_console/templates/_prompt_box_markup.html.erb within layouts/inlined_string (0.4ms)
  Rendering /home/dshop/.rvm/gems/ruby-2.6.1/gems/web-console-2.3.0/lib/web_console/templates/style.css.erb within layouts/inlined_string
  Rendered /home/dshop/.rvm/gems/ruby-2.6.1/gems/web-console-2.3.0/lib/web_console/templates/style.css.erb within layouts/inlined_string (0.3ms)
DEPRECATION WARNING: Accessing mime types via constants is deprecated. Please change `Mime::WEB_CONSOLE_V2` to `Mime[:web_console_v2]`. (called from require at /home/dshop/Projects/Advertising/bin/rails:9)
  Rendered /home/dshop/.rvm/gems/ruby-2.6.1/gems/web-console-2.3.0/lib/web_console/templates/console.js.erb within layouts/javascript (24.7ms)
  Rendering /home/dshop/.rvm/gems/ruby-2.6.1/gems/web-console-2.3.0/lib/web_console/templates/main.js.erb within layouts/javascript
  Rendered /home/dshop/.rvm/gems/ruby-2.6.1/gems/web-console-2.3.0/lib/web_console/templates/main.js.erb within layouts/javascript (0.3ms)
  Rendering /home/dshop/.rvm/gems/ruby-2.6.1/gems/web-console-2.3.0/lib/web_console/templates/error_page.js.erb within layouts/javascript
  Rendered /home/dshop/.rvm/gems/ruby-2.6.1/gems/web-console-2.3.0/lib/web_console/templates/error_page.js.erb within layouts/javascript (0.4ms)
  Rendered /home/dshop/.rvm/gems/ruby-2.6.1/gems/web-console-2.3.0/lib/web_console/templates/index.html.erb (39.8ms)
Started GET "/" for 127.0.0.1 at 2020-10-28 14:51:46 +0300
Processing by PinsController#index as HTML
  Rendering pins/index.html.erb within layouts/application
  [1m[36mTag Load (0.1ms)[0m  [1m[34mSELECT `tags`.* FROM `tags`[0m
  [1m[36mPin Load (0.1ms)[0m  [1m[34mSELECT `pins`.* FROM `pins` ORDER BY created_at DESC[0m
  Rendered pins/index.html.erb within layouts/application (8.9ms)
Completed 200 OK in 48ms (Views: 46.6ms | ActiveRecord: 0.2ms)


Started GET "/assets/masonry/transitions.self-a7dd920491429cc09dda36f003350cf98f5cec3c45d00888fab83293dce6ce92.css?body=1" for 127.0.0.1 at 2020-10-28 14:51:46 +0300
Started GET "/assets/application.self-ac9c610cb873974e2cbecbc05bae5d4421a903f7ac50e439058921da5486937c.css?body=1" for 127.0.0.1 at 2020-10-28 14:51:46 +0300
Started GET "/assets/jquery.self-bd7ddd393353a8d2480a622e80342adf488fb6006d667e8b42e4c0073393abee.js?body=1" for 127.0.0.1 at 2020-10-28 14:51:46 +0300
Started GET "/assets/bootstrap/transition.self-6ad2488465135ab731a045a8ebbe3ea2fc501aed286042496eda1664fdd07ba9.js?body=1" for 127.0.0.1 at 2020-10-28 14:51:46 +0300
Started GET "/assets/jquery_ujs.self-784a997f6726036b1993eb2217c9cb558e1cbb801c6da88105588c56f13b466a.js?body=1" for 127.0.0.1 at 2020-10-28 14:51:46 +0300
Started GET "/assets/bootstrap/button.self-126ac9bf0e7f2d8568f8da3a00fd5f0fac6eae0946331003370161fbf8d7975e.js?body=1" for 127.0.0.1 at 2020-10-28 14:51:46 +0300
Started GET "/assets/masonry/jquery.masonry.self-e55a2ca40f0bd20129930439c10a6b8c5dd26787b41fd8427db5b9da8c2af52f.js?body=1" for 127.0.0.1 at 2020-10-28 14:51:46 +0300
Started GET "/assets/bootstrap/alert.self-742145c5bb847aafdadc6e339be795628f8bc25f177e851f03a8c42278eb0312.js?body=1" for 127.0.0.1 at 2020-10-28 14:51:46 +0300
Started GET "/assets/bootstrap/carousel.self-e47323f363ceb3dc0bdbce05e36e709ed428e339833a41140a85cb0af24b8127.js?body=1" for 127.0.0.1 at 2020-10-28 14:51:46 +0300
Started GET "/assets/bootstrap/collapse.self-2eb697f62b587bb786ff940d82dd4be88cdeeaf13ca128e3da3850c5fcaec301.js?body=1" for 127.0.0.1 at 2020-10-28 14:51:46 +0300
Started GET "/assets/bootstrap/dropdown.self-561cca1cbaf67474e01e9536f106bad541594860a6df997004591c1c1957a147.js?body=1" for 127.0.0.1 at 2020-10-28 14:51:46 +0300
Started GET "/assets/bootstrap/affix.self-6d6f1a7fc5c8aabf3547fa1b794fab6268f54bc55ad815e55873c71f52513517.js?body=1" for 127.0.0.1 at 2020-10-28 14:51:46 +0300
Started GET "/assets/bootstrap/tab.self-5bf7078b682f8b131332eefa46b45fa5eff2eca745fc0d03e2991450888f7c28.js?body=1" for 127.0.0.1 at 2020-10-28 14:51:46 +0300
Started GET "/assets/bootstrap/modal.self-3e78617ade5663314b7ee0ea10375a5b34d59ffbade44939e3f2a4e4ef2019b3.js?body=1" for 127.0.0.1 at 2020-10-28 14:51:46 +0300
Started GET "/assets/bootstrap/tooltip.self-05afb177e08f98997ccfc84fa08a215e4b27d48d5fe4d049080675e9dffd8199.js?body=1" for 127.0.0.1 at 2020-10-28 14:51:46 +0300
Started GET "/assets/bootstrap/scrollspy.self-969f3c5f48cdf1e439c7fa1154c13b948715f5c689f87837c0b64521d3b46ef6.js?body=1" for 127.0.0.1 at 2020-10-28 14:51:46 +0300
Started GET "/assets/bootstrap/popover.self-0aa93860b59fe7393f1dd490f54b3cb994f9d6155adffce034d4e14ae361b041.js?body=1" for 127.0.0.1 at 2020-10-28 14:51:46 +0300
Started GET "/assets/bootstrap-sprockets.self-fbfa5ad7d9aa0afe439ec4ff3883acc4cb92b62cb67c40d674320c9aa1d4642d.js?body=1" for 127.0.0.1 at 2020-10-28 14:51:46 +0300
Started GET "/assets/custom.self-633708105e141d1ae170a027c34b7dbadbfa7362ec1f65533cf30498407bcc15.js?body=1" for 127.0.0.1 at 2020-10-28 14:51:46 +0300
Started GET "/assets/pins.self-1cc18831e8da9be0a7e360569ceba953bad16f8f006598686a88ab0d47431252.js?body=1" for 127.0.0.1 at 2020-10-28 14:51:46 +0300
Started GET "/assets/users.self-877aef30ae1b040ab8a3aba4e3e309a11d7f2612f44dde450b5c157aa5f95c05.js?body=1" for 127.0.0.1 at 2020-10-28 14:51:46 +0300
Started GET "/assets/application.self-f8806224e027f3e3f0138ea9ce99319e298dfdb323304d1f1be6eae8e8c74724.js?body=1" for 127.0.0.1 at 2020-10-28 14:51:46 +0300
Started GET "/images/github-logo.svg" for 127.0.0.1 at 2020-10-28 14:51:46 +0300
  
ActionController::RoutingError (No route matches [GET] "/images/github-logo.svg"):
  
actionpack (5.0.7) lib/action_dispatch/middleware/debug_exceptions.rb:53:in `call'
web-console (2.3.0) lib/web_console/middleware.rb:28:in `block in call'
web-console (2.3.0) lib/web_console/middleware.rb:18:in `catch'
web-console (2.3.0) lib/web_console/middleware.rb:18:in `call'
actionpack (5.0.7) lib/action_dispatch/middleware/show_exceptions.rb:31:in `call'
railties (5.0.7) lib/rails/rack/logger.rb:36:in `call_app'
railties (5.0.7) lib/rails/rack/logger.rb:24:in `block in call'
activesupport (5.0.7) lib/active_support/tagged_logging.rb:69:in `block in tagged'
activesupport (5.0.7) lib/active_support/tagged_logging.rb:26:in `tagged'
activesupport (5.0.7) lib/active_support/tagged_logging.rb:69:in `tagged'
railties (5.0.7) lib/rails/rack/logger.rb:24:in `call'
actionpack (5.0.7) lib/action_dispatch/middleware/request_id.rb:24:in `call'
rack (2.0.5) lib/rack/method_override.rb:22:in `call'
rack (2.0.5) lib/rack/runtime.rb:22:in `call'
activesupport (5.0.7) lib/active_support/cache/strategy/local_cache_middleware.rb:28:in `call'
actionpack (5.0.7) lib/action_dispatch/middleware/executor.rb:12:in `call'
actionpack (5.0.7) lib/action_dispatch/middleware/static.rb:136:in `call'
rack (2.0.5) lib/rack/sendfile.rb:111:in `call'
railties (5.0.7) lib/rails/engine.rb:522:in `call'
thin (1.7.2) lib/thin/connection.rb:86:in `block in pre_process'
thin (1.7.2) lib/thin/connection.rb:84:in `catch'
thin (1.7.2) lib/thin/connection.rb:84:in `pre_process'
thin (1.7.2) lib/thin/connection.rb:53:in `process'
thin (1.7.2) lib/thin/connection.rb:39:in `receive_data'
eventmachine (1.2.7) lib/eventmachine.rb:195:in `run_machine'
eventmachine (1.2.7) lib/eventmachine.rb:195:in `run'
thin (1.7.2) lib/thin/backends/base.rb:73:in `start'
thin (1.7.2) lib/thin/server.rb:162:in `start'
rack (2.0.5) lib/rack/handler/thin.rb:22:in `run'
rack (2.0.5) lib/rack/server.rb:297:in `start'
railties (5.0.7) lib/rails/commands/server.rb:104:in `start'
railties (5.0.7) lib/rails/commands/commands_tasks.rb:90:in `block in server'
railties (5.0.7) lib/rails/commands/commands_tasks.rb:85:in `tap'
railties (5.0.7) lib/rails/commands/commands_tasks.rb:85:in `server'
railties (5.0.7) lib/rails/commands/commands_tasks.rb:49:in `run_command!'
railties (5.0.7) lib/rails/commands.rb:18:in `<top (required)>'
bin/rails:9:in `require'
bin/rails:9:in `<top (required)>'
spring (2.0.2) lib/spring/client/rails.rb:28:in `load'
spring (2.0.2) lib/spring/client/rails.rb:28:in `call'
spring (2.0.2) lib/spring/client/command.rb:7:in `call'
spring (2.0.2) lib/spring/client.rb:30:in `run'
spring (2.0.2) bin/spring:49:in `<top (required)>'
spring (2.0.2) lib/spring/binstub.rb:31:in `load'
spring (2.0.2) lib/spring/binstub.rb:31:in `<top (required)>'
bin/spring:15:in `require'
bin/spring:15:in `<top (required)>'
bin/rails:3:in `load'
bin/rails:3:in `<main>'
  Rendering /home/dshop/.rvm/gems/ruby-2.6.1/gems/actionpack-5.0.7/lib/action_dispatch/middleware/templates/rescues/routing_error.html.erb within rescues/layout
  Rendering /home/dshop/.rvm/gems/ruby-2.6.1/gems/actionpack-5.0.7/lib/action_dispatch/middleware/templates/rescues/_trace.html.erb
  Rendered /home/dshop/.rvm/gems/ruby-2.6.1/gems/actionpack-5.0.7/lib/action_dispatch/middleware/templates/rescues/_trace.html.erb (2.1ms)
  Rendered collection of /home/dshop/.rvm/gems/ruby-2.6.1/gems/actionpack-5.0.7/lib/action_dispatch/middleware/templates/routes/_route.html.erb [42 times] (13.2ms)
  Rendered /home/dshop/.rvm/gems/ruby-2.6.1/gems/actionpack-5.0.7/lib/action_dispatch/middleware/templates/routes/_table.html.erb (1.5ms)
  Rendering /home/dshop/.rvm/gems/ruby-2.6.1/gems/actionpack-5.0.7/lib/action_dispatch/middleware/templates/rescues/_request_and_response.html.erb
  Rendered /home/dshop/.rvm/gems/ruby-2.6.1/gems/actionpack-5.0.7/lib/action_dispatch/middleware/templates/rescues/_request_and_response.html.erb (1.4ms)
  Rendered /home/dshop/.rvm/gems/ruby-2.6.1/gems/actionpack-5.0.7/lib/action_dispatch/middleware/templates/rescues/routing_error.html.erb within rescues/layout (37.4ms)
DEPRECATION WARNING: Accessing mime types via constants is deprecated. Please change `Mime::HTML` to `Mime[:html]`. (called from require at /home/dshop/Projects/Advertising/bin/rails:9)
  Rendering /home/dshop/.rvm/gems/ruby-2.6.1/gems/web-console-2.3.0/lib/web_console/templates/index.html.erb
  Rendered /home/dshop/.rvm/gems/ruby-2.6.1/gems/web-console-2.3.0/lib/web_console/templates/_markup.html.erb (0.5ms)
  Rendering /home/dshop/.rvm/gems/ruby-2.6.1/gems/web-console-2.3.0/lib/web_console/templates/console.js.erb within layouts/javascript
  Rendering /home/dshop/.rvm/gems/ruby-2.6.1/gems/web-console-2.3.0/lib/web_console/templates/_inner_console_markup.html.erb within layouts/inlined_string
  Rendered /home/dshop/.rvm/gems/ruby-2.6.1/gems/web-console-2.3.0/lib/web_console/templates/_inner_console_markup.html.erb within layouts/inlined_string (0.3ms)
  Rendering /home/dshop/.rvm/gems/ruby-2.6.1/gems/web-console-2.3.0/lib/web_console/templates/_prompt_box_markup.html.erb within layouts/inlined_string
  Rendered /home/dshop/.rvm/gems/ruby-2.6.1/gems/web-console-2.3.0/lib/web_console/templates/_prompt_box_markup.html.erb within layouts/inlined_string (0.3ms)
  Rendering /home/dshop/.rvm/gems/ruby-2.6.1/gems/web-console-2.3.0/lib/web_console/templates/style.css.erb within layouts/inlined_string
  Rendered /home/dshop/.rvm/gems/ruby-2.6.1/gems/web-console-2.3.0/lib/web_console/templates/style.css.erb within layouts/inlined_string (0.3ms)
DEPRECATION WARNING: Accessing mime types via constants is deprecated. Please change `Mime::WEB_CONSOLE_V2` to `Mime[:web_console_v2]`. (called from require at /home/dshop/Projects/Advertising/bin/rails:9)
  Rendered /home/dshop/.rvm/gems/ruby-2.6.1/gems/web-console-2.3.0/lib/web_console/templates/console.js.erb within layouts/javascript (15.2ms)
  Rendering /home/dshop/.rvm/gems/ruby-2.6.1/gems/web-console-2.3.0/lib/web_console/templates/main.js.erb within layouts/javascript
  Rendered /home/dshop/.rvm/gems/ruby-2.6.1/gems/web-console-2.3.0/lib/web_console/templates/main.js.erb within layouts/javascript (0.4ms)
  Rendering /home/dshop/.rvm/gems/ruby-2.6.1/gems/web-console-2.3.0/lib/web_console/templates/error_page.js.erb within layouts/javascript
  Rendered /home/dshop/.rvm/gems/ruby-2.6.1/gems/web-console-2.3.0/lib/web_console/templates/error_page.js.erb within layouts/javascript (0.3ms)
  Rendered /home/dshop/.rvm/gems/ruby-2.6.1/gems/web-console-2.3.0/lib/web_console/templates/index.html.erb (32.9ms)
DEPRECATION WARNING: ActiveRecord::Base.raise_in_transactional_callbacks= is deprecated, has no effect and will be removed without replacement. (called from <top (required)> at /home/dshop/Projects/Advertising/config/environment.rb:5)
Started GET "/" for 127.0.0.1 at 2020-10-28 15:04:22 +0300
  [1m[36mActiveRecord::SchemaMigration Load (0.2ms)[0m  [1m[34mSELECT `schema_migrations`.* FROM `schema_migrations`[0m
Processing by PinsController#index as HTML
  Rendering pins/index.html.erb within layouts/application
  [1m[36mTag Load (0.1ms)[0m  [1m[34mSELECT `tags`.* FROM `tags`[0m
  [1m[36mPin Load (0.2ms)[0m  [1m[34mSELECT `pins`.* FROM `pins` ORDER BY created_at DESC[0m
  Rendered pins/index.html.erb within layouts/application (1010.2ms)
Completed 200 OK in 1457ms (Views: 1393.2ms | ActiveRecord: 1.9ms)


Started GET "/assets/application.self-ac9c610cb873974e2cbecbc05bae5d4421a903f7ac50e439058921da5486937c.css?body=1" for 127.0.0.1 at 2020-10-28 15:04:24 +0300
Started GET "/images/github-logo.svg" for 127.0.0.1 at 2020-10-28 15:04:24 +0300
  
ActionController::RoutingError (No route matches [GET] "/images/github-logo.svg"):
  
actionpack (5.0.7) lib/action_dispatch/middleware/debug_exceptions.rb:53:in `call'
web-console (2.3.0) lib/web_console/middleware.rb:28:in `block in call'
web-console (2.3.0) lib/web_console/middleware.rb:18:in `catch'
web-console (2.3.0) lib/web_console/middleware.rb:18:in `call'
actionpack (5.0.7) lib/action_dispatch/middleware/show_exceptions.rb:31:in `call'
railties (5.0.7) lib/rails/rack/logger.rb:36:in `call_app'
railties (5.0.7) lib/rails/rack/logger.rb:24:in `block in call'
activesupport (5.0.7) lib/active_support/tagged_logging.rb:69:in `block in tagged'
activesupport (5.0.7) lib/active_support/tagged_logging.rb:26:in `tagged'
activesupport (5.0.7) lib/active_support/tagged_logging.rb:69:in `tagged'
railties (5.0.7) lib/rails/rack/logger.rb:24:in `call'
actionpack (5.0.7) lib/action_dispatch/middleware/request_id.rb:24:in `call'
rack (2.0.5) lib/rack/method_override.rb:22:in `call'
rack (2.0.5) lib/rack/runtime.rb:22:in `call'
activesupport (5.0.7) lib/active_support/cache/strategy/local_cache_middleware.rb:28:in `call'
actionpack (5.0.7) lib/action_dispatch/middleware/executor.rb:12:in `call'
actionpack (5.0.7) lib/action_dispatch/middleware/static.rb:136:in `call'
rack (2.0.5) lib/rack/sendfile.rb:111:in `call'
railties (5.0.7) lib/rails/engine.rb:522:in `call'
thin (1.7.2) lib/thin/connection.rb:86:in `block in pre_process'
thin (1.7.2) lib/thin/connection.rb:84:in `catch'
thin (1.7.2) lib/thin/connection.rb:84:in `pre_process'
thin (1.7.2) lib/thin/connection.rb:53:in `process'
thin (1.7.2) lib/thin/connection.rb:39:in `receive_data'
eventmachine (1.2.7) lib/eventmachine.rb:195:in `run_machine'
eventmachine (1.2.7) lib/eventmachine.rb:195:in `run'
thin (1.7.2) lib/thin/backends/base.rb:73:in `start'
thin (1.7.2) lib/thin/server.rb:162:in `start'
rack (2.0.5) lib/rack/handler/thin.rb:22:in `run'
rack (2.0.5) lib/rack/server.rb:297:in `start'
railties (5.0.7) lib/rails/commands/server.rb:104:in `start'
railties (5.0.7) lib/rails/commands/commands_tasks.rb:90:in `block in server'
railties (5.0.7) lib/rails/commands/commands_tasks.rb:85:in `tap'
railties (5.0.7) lib/rails/commands/commands_tasks.rb:85:in `server'
railties (5.0.7) lib/rails/commands/commands_tasks.rb:49:in `run_command!'
railties (5.0.7) lib/rails/commands.rb:18:in `<top (required)>'
bin/rails:9:in `require'
bin/rails:9:in `<top (required)>'
spring (2.0.2) lib/spring/client/rails.rb:28:in `load'
spring (2.0.2) lib/spring/client/rails.rb:28:in `call'
spring (2.0.2) lib/spring/client/command.rb:7:in `call'
spring (2.0.2) lib/spring/client.rb:30:in `run'
spring (2.0.2) bin/spring:49:in `<top (required)>'
spring (2.0.2) lib/spring/binstub.rb:31:in `load'
spring (2.0.2) lib/spring/binstub.rb:31:in `<top (required)>'
bin/spring:15:in `require'
bin/spring:15:in `<top (required)>'
bin/rails:3:in `load'
bin/rails:3:in `<main>'
  Rendering /home/dshop/.rvm/gems/ruby-2.6.1/gems/actionpack-5.0.7/lib/action_dispatch/middleware/templates/rescues/routing_error.html.erb within rescues/layout
  Rendering /home/dshop/.rvm/gems/ruby-2.6.1/gems/actionpack-5.0.7/lib/action_dispatch/middleware/templates/rescues/_trace.html.erb
  Rendered /home/dshop/.rvm/gems/ruby-2.6.1/gems/actionpack-5.0.7/lib/action_dispatch/middleware/templates/rescues/_trace.html.erb (1.9ms)
  Rendered collection of /home/dshop/.rvm/gems/ruby-2.6.1/gems/actionpack-5.0.7/lib/action_dispatch/middleware/templates/routes/_route.html.erb [42 times] (42.1ms)
  Rendered /home/dshop/.rvm/gems/ruby-2.6.1/gems/actionpack-5.0.7/lib/action_dispatch/middleware/templates/routes/_table.html.erb (14.8ms)
  Rendering /home/dshop/.rvm/gems/ruby-2.6.1/gems/actionpack-5.0.7/lib/action_dispatch/middleware/templates/rescues/_request_and_response.html.erb
  Rendered /home/dshop/.rvm/gems/ruby-2.6.1/gems/actionpack-5.0.7/lib/action_dispatch/middleware/templates/rescues/_request_and_response.html.erb (1.5ms)
  Rendered /home/dshop/.rvm/gems/ruby-2.6.1/gems/actionpack-5.0.7/lib/action_dispatch/middleware/templates/rescues/routing_error.html.erb within rescues/layout (96.0ms)
DEPRECATION WARNING: Accessing mime types via constants is deprecated. Please change `Mime::HTML` to `Mime[:html]`. (called from require at /home/dshop/Projects/Advertising/bin/rails:9)
  Rendering /home/dshop/.rvm/gems/ruby-2.6.1/gems/web-console-2.3.0/lib/web_console/templates/index.html.erb
  Rendered /home/dshop/.rvm/gems/ruby-2.6.1/gems/web-console-2.3.0/lib/web_console/templates/_markup.html.erb (0.5ms)
  Rendering /home/dshop/.rvm/gems/ruby-2.6.1/gems/web-console-2.3.0/lib/web_console/templates/console.js.erb within layouts/javascript
  Rendering /home/dshop/.rvm/gems/ruby-2.6.1/gems/web-console-2.3.0/lib/web_console/templates/_inner_console_markup.html.erb within layouts/inlined_string
  Rendered /home/dshop/.rvm/gems/ruby-2.6.1/gems/web-console-2.3.0/lib/web_console/templates/_inner_console_markup.html.erb within layouts/inlined_string (0.5ms)
  Rendering /home/dshop/.rvm/gems/ruby-2.6.1/gems/web-console-2.3.0/lib/web_console/templates/_prompt_box_markup.html.erb within layouts/inlined_string
  Rendered /home/dshop/.rvm/gems/ruby-2.6.1/gems/web-console-2.3.0/lib/web_console/templates/_prompt_box_markup.html.erb within layouts/inlined_string (0.4ms)
  Rendering /home/dshop/.rvm/gems/ruby-2.6.1/gems/web-console-2.3.0/lib/web_console/templates/style.css.erb within layouts/inlined_string
  Rendered /home/dshop/.rvm/gems/ruby-2.6.1/gems/web-console-2.3.0/lib/web_console/templates/style.css.erb within layouts/inlined_string (0.5ms)
DEPRECATION WARNING: Accessing mime types via constants is deprecated. Please change `Mime::WEB_CONSOLE_V2` to `Mime[:web_console_v2]`. (called from require at /home/dshop/Projects/Advertising/bin/rails:9)
  Rendered /home/dshop/.rvm/gems/ruby-2.6.1/gems/web-console-2.3.0/lib/web_console/templates/console.js.erb within layouts/javascript (167.0ms)
  Rendering /home/dshop/.rvm/gems/ruby-2.6.1/gems/web-console-2.3.0/lib/web_console/templates/main.js.erb within layouts/javascript
  Rendered /home/dshop/.rvm/gems/ruby-2.6.1/gems/web-console-2.3.0/lib/web_console/templates/main.js.erb within layouts/javascript (1.1ms)
  Rendering /home/dshop/.rvm/gems/ruby-2.6.1/gems/web-console-2.3.0/lib/web_console/templates/error_page.js.erb within layouts/javascript
  Rendered /home/dshop/.rvm/gems/ruby-2.6.1/gems/web-console-2.3.0/lib/web_console/templates/error_page.js.erb within layouts/javascript (0.6ms)
  Rendered /home/dshop/.rvm/gems/ruby-2.6.1/gems/web-console-2.3.0/lib/web_console/templates/index.html.erb (189.7ms)
Started GET "/users/sign_in" for 127.0.0.1 at 2020-10-28 15:04:38 +0300
Processing by Devise::SessionsController#new as HTML
  Rendering devise/sessions/new.html.erb within layouts/application
  Rendered devise/shared/_links.html.erb (2.1ms)
  Rendered devise/sessions/new.html.erb within layouts/application (64.1ms)
Completed 200 OK in 175ms (Views: 121.6ms | ActiveRecord: 30.6ms)


Started GET "/users/sign_up" for 127.0.0.1 at 2020-10-28 15:04:46 +0300
Processing by Devise::RegistrationsController#new as HTML
  Rendering devise/registrations/new.html.erb within layouts/application
  Rendered devise/shared/_links.html.erb (1.8ms)
  Rendered devise/registrations/new.html.erb within layouts/application (18.1ms)
Completed 200 OK in 68ms (Views: 67.4ms | ActiveRecord: 0.0ms)


Started POST "/users" for 127.0.0.1 at 2020-10-28 15:05:56 +0300
Processing by Devise::RegistrationsController#create as HTML
  Parameters: {"utf8"=>"✓", "authenticity_token"=>"w/Ee3l1mcqQbKLTMfgbxJOF+mfhz+cVktU6q2GxV2xfkiNGg2PzwZEa/o9HxbUnQS5Kprqwxa5d9HGxLohHC6g==", "user"=>{"username"=>"vova", "email"=>"vova@gmail.com", "avatar"=>#<ActionDispatch::Http::UploadedFile:0x00000000091e22e8 @tempfile=#<Tempfile:/tmp/RackMultipart20201028-9792-2ybec.png>, @original_filename="484-4845099_got-bored-and-drew-some-carbot-zergs-for.png", @content_type="image/png", @headers="Content-Disposition: form-data; name=\"user[avatar]\"; filename=\"484-4845099_got-bored-and-drew-some-carbot-zergs-for.png\"\r\nContent-Type: image/png\r\n">, "bio"=>"dsfsdfd", "password"=>"[FILTERED]", "password_confirmation"=>"[FILTERED]"}, "commit"=>"Sign up"}
Unpermitted parameter: bio
[paperclip] Trying to link /tmp/RackMultipart20201028-9792-2ybec.png to /tmp/5c0d9d7937a8159fadafaeb11f73db9120201028-9792-zubwvw.png
[paperclip] Trying to link /tmp/5c0d9d7937a8159fadafaeb11f73db9120201028-9792-zubwvw.png to /tmp/5c0d9d7937a8159fadafaeb11f73db9120201028-9792-rpfpha.png
Command :: file -b --mime '/tmp/5c0d9d7937a8159fadafaeb11f73db9120201028-9792-rpfpha.png'
Command :: identify -format '%wx%h,%[exif:orientation]' '/tmp/5c0d9d7937a8159fadafaeb11f73db9120201028-9792-zubwvw.png[0]' 2>/dev/null
Command :: identify -format %m '/tmp/5c0d9d7937a8159fadafaeb11f73db9120201028-9792-zubwvw.png[0]'
Command :: convert '/tmp/5c0d9d7937a8159fadafaeb11f73db9120201028-9792-zubwvw.png[0]' -auto-orient -resize "200x200>" '/tmp/bbf31b9c7b61d5d1031e3a066664d1a620201028-9792-16o6hv7'
[paperclip] Trying to link /tmp/bbf31b9c7b61d5d1031e3a066664d1a620201028-9792-16o6hv7 to /tmp/1e41277f5eb2801128f1c3ff43a405a220201028-9792-1rib9iq
Command :: identify -format '%wx%h,%[exif:orientation]' '/tmp/5c0d9d7937a8159fadafaeb11f73db9120201028-9792-zubwvw.png[0]' 2>/dev/null
Command :: identify -format %m '/tmp/5c0d9d7937a8159fadafaeb11f73db9120201028-9792-zubwvw.png[0]'
Command :: convert '/tmp/5c0d9d7937a8159fadafaeb11f73db9120201028-9792-zubwvw.png[0]' -auto-orient -resize "200x200>" '/tmp/bbf31b9c7b61d5d1031e3a066664d1a620201028-9792-hiewbf'
[paperclip] Trying to link /tmp/bbf31b9c7b61d5d1031e3a066664d1a620201028-9792-hiewbf to /tmp/b70bc3493f4cb34de2d1e559505db4cc20201028-9792-488py5
  [1m[35m (0.2ms)[0m  [1m[35mBEGIN[0m
  [1m[36mUser Exists (49.5ms)[0m  [1m[34mSELECT  1 AS one FROM `users` WHERE `users`.`email` = BINARY 'vova@gmail.com' LIMIT 1[0m
  [1m[36mUser Exists (0.3ms)[0m  [1m[34mSELECT  1 AS one FROM `users` WHERE `users`.`username` = BINARY 'vova' LIMIT 1[0m
[paperclip] Trying to link /tmp/5c0d9d7937a8159fadafaeb11f73db9120201028-9792-zubwvw.png to /tmp/5c0d9d7937a8159fadafaeb11f73db9120201028-9792-unkriv.png
Command :: file -b --mime '/tmp/5c0d9d7937a8159fadafaeb11f73db9120201028-9792-unkriv.png'
  [1m[35mSQL (20.3ms)[0m  [1m[32mINSERT INTO `users` (`email`, `encrypted_password`, `created_at`, `updated_at`, `username`, `avatar_file_name`, `avatar_content_type`, `avatar_file_size`, `avatar_updated_at`) VALUES ('vova@gmail.com', '$2a$11$R55nRSaRZGURjodxmJIcDOyIYIzZ0iUb4O9bGVknlhRITDgDkDa.O', '2020-10-28 12:05:57', '2020-10-28 12:05:57', 'vova', '484-4845099_got-bored-and-drew-some-carbot-zergs-for.png', 'image/jpeg', 196814, '2020-10-28 12:05:56')[0m
  [1m[35m (116.6ms)[0m  [1m[35mCOMMIT[0m
  [1m[35m (0.1ms)[0m  [1m[35mBEGIN[0m
  [1m[35mSQL (1.4ms)[0m  [1m[33mUPDATE `users` SET `sign_in_count` = 1, `current_sign_in_at` = '2020-10-28 12:05:57', `last_sign_in_at` = '2020-10-28 12:05:57', `current_sign_in_ip` = '127.0.0.1', `last_sign_in_ip` = '127.0.0.1' WHERE `users`.`id` = 1[0m
  [1m[35m (68.7ms)[0m  [1m[35mCOMMIT[0m
Redirected to http://localhost:3000/
Completed 302 Found in 1663ms (ActiveRecord: 257.1ms)


Started GET "/" for 127.0.0.1 at 2020-10-28 15:05:57 +0300
Processing by PinsController#index as HTML
  Rendering pins/index.html.erb within layouts/application
  [1m[36mTag Load (0.2ms)[0m  [1m[34mSELECT `tags`.* FROM `tags`[0m
  [1m[36mPin Load (0.1ms)[0m  [1m[34mSELECT `pins`.* FROM `pins` ORDER BY created_at DESC[0m
  Rendered pins/index.html.erb within layouts/application (7.1ms)
  [1m[36mUser Load (0.3ms)[0m  [1m[34mSELECT  `users`.* FROM `users` WHERE `users`.`id` = 1 ORDER BY `users`.`id` ASC LIMIT 1[0m
  [1m[36mCategory Load (0.3ms)[0m  [1m[34mSELECT `categories`.* FROM `categories` WHERE `categories`.`ancestry` IS NULL[0m
Completed 200 OK in 62ms (Views: 59.5ms | ActiveRecord: 1.2ms)


Started GET "/images/github-logo.svg" for 127.0.0.1 at 2020-10-28 15:05:57 +0300
  
ActionController::RoutingError (No route matches [GET] "/images/github-logo.svg"):
  
actionpack (5.0.7) lib/action_dispatch/middleware/debug_exceptions.rb:53:in `call'
web-console (2.3.0) lib/web_console/middleware.rb:28:in `block in call'
web-console (2.3.0) lib/web_console/middleware.rb:18:in `catch'
web-console (2.3.0) lib/web_console/middleware.rb:18:in `call'
actionpack (5.0.7) lib/action_dispatch/middleware/show_exceptions.rb:31:in `call'
railties (5.0.7) lib/rails/rack/logger.rb:36:in `call_app'
railties (5.0.7) lib/rails/rack/logger.rb:24:in `block in call'
activesupport (5.0.7) lib/active_support/tagged_logging.rb:69:in `block in tagged'
activesupport (5.0.7) lib/active_support/tagged_logging.rb:26:in `tagged'
activesupport (5.0.7) lib/active_support/tagged_logging.rb:69:in `tagged'
railties (5.0.7) lib/rails/rack/logger.rb:24:in `call'
actionpack (5.0.7) lib/action_dispatch/middleware/request_id.rb:24:in `call'
rack (2.0.5) lib/rack/method_override.rb:22:in `call'
rack (2.0.5) lib/rack/runtime.rb:22:in `call'
activesupport (5.0.7) lib/active_support/cache/strategy/local_cache_middleware.rb:28:in `call'
actionpack (5.0.7) lib/action_dispatch/middleware/executor.rb:12:in `call'
actionpack (5.0.7) lib/action_dispatch/middleware/static.rb:136:in `call'
rack (2.0.5) lib/rack/sendfile.rb:111:in `call'
railties (5.0.7) lib/rails/engine.rb:522:in `call'
thin (1.7.2) lib/thin/connection.rb:86:in `block in pre_process'
thin (1.7.2) lib/thin/connection.rb:84:in `catch'
thin (1.7.2) lib/thin/connection.rb:84:in `pre_process'
thin (1.7.2) lib/thin/connection.rb:53:in `process'
thin (1.7.2) lib/thin/connection.rb:39:in `receive_data'
eventmachine (1.2.7) lib/eventmachine.rb:195:in `run_machine'
eventmachine (1.2.7) lib/eventmachine.rb:195:in `run'
thin (1.7.2) lib/thin/backends/base.rb:73:in `start'
thin (1.7.2) lib/thin/server.rb:162:in `start'
rack (2.0.5) lib/rack/handler/thin.rb:22:in `run'
rack (2.0.5) lib/rack/server.rb:297:in `start'
railties (5.0.7) lib/rails/commands/server.rb:104:in `start'
railties (5.0.7) lib/rails/commands/commands_tasks.rb:90:in `block in server'
railties (5.0.7) lib/rails/commands/commands_tasks.rb:85:in `tap'
railties (5.0.7) lib/rails/commands/commands_tasks.rb:85:in `server'
railties (5.0.7) lib/rails/commands/commands_tasks.rb:49:in `run_command!'
railties (5.0.7) lib/rails/commands.rb:18:in `<top (required)>'
bin/rails:9:in `require'
bin/rails:9:in `<top (required)>'
spring (2.0.2) lib/spring/client/rails.rb:28:in `load'
spring (2.0.2) lib/spring/client/rails.rb:28:in `call'
spring (2.0.2) lib/spring/client/command.rb:7:in `call'
spring (2.0.2) lib/spring/client.rb:30:in `run'
spring (2.0.2) bin/spring:49:in `<top (required)>'
spring (2.0.2) lib/spring/binstub.rb:31:in `load'
spring (2.0.2) lib/spring/binstub.rb:31:in `<top (required)>'
bin/spring:15:in `require'
bin/spring:15:in `<top (required)>'
bin/rails:3:in `load'
bin/rails:3:in `<main>'
  Rendering /home/dshop/.rvm/gems/ruby-2.6.1/gems/actionpack-5.0.7/lib/action_dispatch/middleware/templates/rescues/routing_error.html.erb within rescues/layout
  Rendering /home/dshop/.rvm/gems/ruby-2.6.1/gems/actionpack-5.0.7/lib/action_dispatch/middleware/templates/rescues/_trace.html.erb
  Rendered /home/dshop/.rvm/gems/ruby-2.6.1/gems/actionpack-5.0.7/lib/action_dispatch/middleware/templates/rescues/_trace.html.erb (2.0ms)
  Rendered collection of /home/dshop/.rvm/gems/ruby-2.6.1/gems/actionpack-5.0.7/lib/action_dispatch/middleware/templates/routes/_route.html.erb [42 times] (13.5ms)
  Rendered /home/dshop/.rvm/gems/ruby-2.6.1/gems/actionpack-5.0.7/lib/action_dispatch/middleware/templates/routes/_table.html.erb (1.7ms)
  Rendering /home/dshop/.rvm/gems/ruby-2.6.1/gems/actionpack-5.0.7/lib/action_dispatch/middleware/templates/rescues/_request_and_response.html.erb
  Rendered /home/dshop/.rvm/gems/ruby-2.6.1/gems/actionpack-5.0.7/lib/action_dispatch/middleware/templates/rescues/_request_and_response.html.erb (1.2ms)
  Rendered /home/dshop/.rvm/gems/ruby-2.6.1/gems/actionpack-5.0.7/lib/action_dispatch/middleware/templates/rescues/routing_error.html.erb within rescues/layout (79.3ms)
DEPRECATION WARNING: Accessing mime types via constants is deprecated. Please change `Mime::HTML` to `Mime[:html]`. (called from require at /home/dshop/Projects/Advertising/bin/rails:9)
  Rendering /home/dshop/.rvm/gems/ruby-2.6.1/gems/web-console-2.3.0/lib/web_console/templates/index.html.erb
  Rendered /home/dshop/.rvm/gems/ruby-2.6.1/gems/web-console-2.3.0/lib/web_console/templates/_markup.html.erb (0.6ms)
  Rendering /home/dshop/.rvm/gems/ruby-2.6.1/gems/web-console-2.3.0/lib/web_console/templates/console.js.erb within layouts/javascript
  Rendering /home/dshop/.rvm/gems/ruby-2.6.1/gems/web-console-2.3.0/lib/web_console/templates/_inner_console_markup.html.erb within layouts/inlined_string
  Rendered /home/dshop/.rvm/gems/ruby-2.6.1/gems/web-console-2.3.0/lib/web_console/templates/_inner_console_markup.html.erb within layouts/inlined_string (0.4ms)
  Rendering /home/dshop/.rvm/gems/ruby-2.6.1/gems/web-console-2.3.0/lib/web_console/templates/_prompt_box_markup.html.erb within layouts/inlined_string
  Rendered /home/dshop/.rvm/gems/ruby-2.6.1/gems/web-console-2.3.0/lib/web_console/templates/_prompt_box_markup.html.erb within layouts/inlined_string (0.4ms)
  Rendering /home/dshop/.rvm/gems/ruby-2.6.1/gems/web-console-2.3.0/lib/web_console/templates/style.css.erb within layouts/inlined_string
  Rendered /home/dshop/.rvm/gems/ruby-2.6.1/gems/web-console-2.3.0/lib/web_console/templates/style.css.erb within layouts/inlined_string (0.5ms)
DEPRECATION WARNING: Accessing mime types via constants is deprecated. Please change `Mime::WEB_CONSOLE_V2` to `Mime[:web_console_v2]`. (called from require at /home/dshop/Projects/Advertising/bin/rails:9)
  Rendered /home/dshop/.rvm/gems/ruby-2.6.1/gems/web-console-2.3.0/lib/web_console/templates/console.js.erb within layouts/javascript (20.6ms)
  Rendering /home/dshop/.rvm/gems/ruby-2.6.1/gems/web-console-2.3.0/lib/web_console/templates/main.js.erb within layouts/javascript
  Rendered /home/dshop/.rvm/gems/ruby-2.6.1/gems/web-console-2.3.0/lib/web_console/templates/main.js.erb within layouts/javascript (0.3ms)
  Rendering /home/dshop/.rvm/gems/ruby-2.6.1/gems/web-console-2.3.0/lib/web_console/templates/error_page.js.erb within layouts/javascript
  Rendered /home/dshop/.rvm/gems/ruby-2.6.1/gems/web-console-2.3.0/lib/web_console/templates/error_page.js.erb within layouts/javascript (0.3ms)
  Rendered /home/dshop/.rvm/gems/ruby-2.6.1/gems/web-console-2.3.0/lib/web_console/templates/index.html.erb (39.7ms)
Started GET "/pins/new" for 127.0.0.1 at 2020-10-28 15:06:22 +0300
Processing by PinsController#new as HTML
  [1m[36mUser Load (0.2ms)[0m  [1m[34mSELECT  `users`.* FROM `users` WHERE `users`.`id` = 1 ORDER BY `users`.`id` ASC LIMIT 1[0m
  Rendering pins/new.html.erb within layouts/application
  [1m[36mCategory Load (0.3ms)[0m  [1m[34mSELECT `categories`.* FROM `categories` ORDER BY `categories`.`name` ASC[0m
  Rendered pins/_form.html.erb (185.2ms)
  Rendered pins/new.html.erb within layouts/application (186.2ms)
  [1m[36mCategory Load (0.2ms)[0m  [1m[34mSELECT `categories`.* FROM `categories` WHERE `categories`.`ancestry` IS NULL[0m
Completed 200 OK in 288ms (Views: 233.0ms | ActiveRecord: 1.3ms)


Started POST "/pins" for 127.0.0.1 at 2020-10-28 15:07:38 +0300
  
AbstractController::ActionNotFound (The action 'create' could not be found for PinsController):
  
actionpack (5.0.7) lib/abstract_controller/base.rb:121:in `process'
actionview (5.0.7) lib/action_view/rendering.rb:30:in `process'
actionpack (5.0.7) lib/action_controller/metal.rb:190:in `dispatch'
actionpack (5.0.7) lib/action_controller/metal.rb:262:in `dispatch'
actionpack (5.0.7) lib/action_dispatch/routing/route_set.rb:50:in `dispatch'
actionpack (5.0.7) lib/action_dispatch/routing/route_set.rb:32:in `serve'
actionpack (5.0.7) lib/action_dispatch/journey/router.rb:39:in `block in serve'
actionpack (5.0.7) lib/action_dispatch/journey/router.rb:26:in `each'
actionpack (5.0.7) lib/action_dispatch/journey/router.rb:26:in `serve'
actionpack (5.0.7) lib/action_dispatch/routing/route_set.rb:727:in `call'
warden (1.2.7) lib/warden/manager.rb:36:in `block in call'
warden (1.2.7) lib/warden/manager.rb:35:in `catch'
warden (1.2.7) lib/warden/manager.rb:35:in `call'
rack (2.0.5) lib/rack/etag.rb:25:in `call'
rack (2.0.5) lib/rack/conditional_get.rb:38:in `call'
rack (2.0.5) lib/rack/head.rb:12:in `call'
rack (2.0.5) lib/rack/session/abstract/id.rb:232:in `context'
rack (2.0.5) lib/rack/session/abstract/id.rb:226:in `call'
actionpack (5.0.7) lib/action_dispatch/middleware/cookies.rb:613:in `call'
activerecord (5.0.7) lib/active_record/migration.rb:553:in `call'
actionpack (5.0.7) lib/action_dispatch/middleware/callbacks.rb:38:in `block in call'
activesupport (5.0.7) lib/active_support/callbacks.rb:97:in `__run_callbacks__'
activesupport (5.0.7) lib/active_support/callbacks.rb:750:in `_run_call_callbacks'
activesupport (5.0.7) lib/active_support/callbacks.rb:90:in `run_callbacks'
actionpack (5.0.7) lib/action_dispatch/middleware/callbacks.rb:36:in `call'
actionpack (5.0.7) lib/action_dispatch/middleware/executor.rb:12:in `call'
actionpack (5.0.7) lib/action_dispatch/middleware/remote_ip.rb:79:in `call'
actionpack (5.0.7) lib/action_dispatch/middleware/debug_exceptions.rb:49:in `call'
web-console (2.3.0) lib/web_console/middleware.rb:28:in `block in call'
web-console (2.3.0) lib/web_console/middleware.rb:18:in `catch'
web-console (2.3.0) lib/web_console/middleware.rb:18:in `call'
actionpack (5.0.7) lib/action_dispatch/middleware/show_exceptions.rb:31:in `call'
railties (5.0.7) lib/rails/rack/logger.rb:36:in `call_app'
railties (5.0.7) lib/rails/rack/logger.rb:24:in `block in call'
activesupport (5.0.7) lib/active_support/tagged_logging.rb:69:in `block in tagged'
activesupport (5.0.7) lib/active_support/tagged_logging.rb:26:in `tagged'
activesupport (5.0.7) lib/active_support/tagged_logging.rb:69:in `tagged'
railties (5.0.7) lib/rails/rack/logger.rb:24:in `call'
actionpack (5.0.7) lib/action_dispatch/middleware/request_id.rb:24:in `call'
rack (2.0.5) lib/rack/method_override.rb:22:in `call'
rack (2.0.5) lib/rack/runtime.rb:22:in `call'
activesupport (5.0.7) lib/active_support/cache/strategy/local_cache_middleware.rb:28:in `call'
actionpack (5.0.7) lib/action_dispatch/middleware/executor.rb:12:in `call'
actionpack (5.0.7) lib/action_dispatch/middleware/static.rb:136:in `call'
rack (2.0.5) lib/rack/sendfile.rb:111:in `call'
railties (5.0.7) lib/rails/engine.rb:522:in `call'
thin (1.7.2) lib/thin/connection.rb:86:in `block in pre_process'
thin (1.7.2) lib/thin/connection.rb:84:in `catch'
thin (1.7.2) lib/thin/connection.rb:84:in `pre_process'
thin (1.7.2) lib/thin/connection.rb:53:in `process'
thin (1.7.2) lib/thin/connection.rb:39:in `receive_data'
eventmachine (1.2.7) lib/eventmachine.rb:195:in `run_machine'
eventmachine (1.2.7) lib/eventmachine.rb:195:in `run'
thin (1.7.2) lib/thin/backends/base.rb:73:in `start'
thin (1.7.2) lib/thin/server.rb:162:in `start'
rack (2.0.5) lib/rack/handler/thin.rb:22:in `run'
rack (2.0.5) lib/rack/server.rb:297:in `start'
railties (5.0.7) lib/rails/commands/server.rb:104:in `start'
railties (5.0.7) lib/rails/commands/commands_tasks.rb:90:in `block in server'
railties (5.0.7) lib/rails/commands/commands_tasks.rb:85:in `tap'
railties (5.0.7) lib/rails/commands/commands_tasks.rb:85:in `server'
railties (5.0.7) lib/rails/commands/commands_tasks.rb:49:in `run_command!'
railties (5.0.7) lib/rails/commands.rb:18:in `<top (required)>'
bin/rails:9:in `require'
bin/rails:9:in `<top (required)>'
spring (2.0.2) lib/spring/client/rails.rb:28:in `load'
spring (2.0.2) lib/spring/client/rails.rb:28:in `call'
spring (2.0.2) lib/spring/client/command.rb:7:in `call'
spring (2.0.2) lib/spring/client.rb:30:in `run'
spring (2.0.2) bin/spring:49:in `<top (required)>'
spring (2.0.2) lib/spring/binstub.rb:31:in `load'
spring (2.0.2) lib/spring/binstub.rb:31:in `<top (required)>'
bin/spring:15:in `require'
bin/spring:15:in `<top (required)>'
bin/rails:3:in `load'
bin/rails:3:in `<main>'
  Rendering /home/dshop/.rvm/gems/ruby-2.6.1/gems/actionpack-5.0.7/lib/action_dispatch/middleware/templates/rescues/unknown_action.html.erb within rescues/layout
  Rendered /home/dshop/.rvm/gems/ruby-2.6.1/gems/actionpack-5.0.7/lib/action_dispatch/middleware/templates/rescues/unknown_action.html.erb within rescues/layout (0.5ms)
DEPRECATION WARNING: Accessing mime types via constants is deprecated. Please change `Mime::HTML` to `Mime[:html]`. (called from require at /home/dshop/Projects/Advertising/bin/rails:9)
  Rendering /home/dshop/.rvm/gems/ruby-2.6.1/gems/web-console-2.3.0/lib/web_console/templates/index.html.erb
  Rendered /home/dshop/.rvm/gems/ruby-2.6.1/gems/web-console-2.3.0/lib/web_console/templates/_markup.html.erb (0.2ms)
  Rendering /home/dshop/.rvm/gems/ruby-2.6.1/gems/web-console-2.3.0/lib/web_console/templates/console.js.erb within layouts/javascript
  Rendering /home/dshop/.rvm/gems/ruby-2.6.1/gems/web-console-2.3.0/lib/web_console/templates/_inner_console_markup.html.erb within layouts/inlined_string
  Rendered /home/dshop/.rvm/gems/ruby-2.6.1/gems/web-console-2.3.0/lib/web_console/templates/_inner_console_markup.html.erb within layouts/inlined_string (0.3ms)
  Rendering /home/dshop/.rvm/gems/ruby-2.6.1/gems/web-console-2.3.0/lib/web_console/templates/_prompt_box_markup.html.erb within layouts/inlined_string
  Rendered /home/dshop/.rvm/gems/ruby-2.6.1/gems/web-console-2.3.0/lib/web_console/templates/_prompt_box_markup.html.erb within layouts/inlined_string (0.3ms)
  Rendering /home/dshop/.rvm/gems/ruby-2.6.1/gems/web-console-2.3.0/lib/web_console/templates/style.css.erb within layouts/inlined_string
  Rendered /home/dshop/.rvm/gems/ruby-2.6.1/gems/web-console-2.3.0/lib/web_console/templates/style.css.erb within layouts/inlined_string (0.2ms)
DEPRECATION WARNING: Accessing mime types via constants is deprecated. Please change `Mime::WEB_CONSOLE_V2` to `Mime[:web_console_v2]`. (called from require at /home/dshop/Projects/Advertising/bin/rails:9)
  Rendered /home/dshop/.rvm/gems/ruby-2.6.1/gems/web-console-2.3.0/lib/web_console/templates/console.js.erb within layouts/javascript (15.3ms)
  Rendering /home/dshop/.rvm/gems/ruby-2.6.1/gems/web-console-2.3.0/lib/web_console/templates/main.js.erb within layouts/javascript
  Rendered /home/dshop/.rvm/gems/ruby-2.6.1/gems/web-console-2.3.0/lib/web_console/templates/main.js.erb within layouts/javascript (0.2ms)
  Rendering /home/dshop/.rvm/gems/ruby-2.6.1/gems/web-console-2.3.0/lib/web_console/templates/error_page.js.erb within layouts/javascript
  Rendered /home/dshop/.rvm/gems/ruby-2.6.1/gems/web-console-2.3.0/lib/web_console/templates/error_page.js.erb within layouts/javascript (0.3ms)
  Rendered /home/dshop/.rvm/gems/ruby-2.6.1/gems/web-console-2.3.0/lib/web_console/templates/index.html.erb (29.5ms)
Started POST "/pins" for 127.0.0.1 at 2020-10-28 15:07:50 +0300
  
AbstractController::ActionNotFound (The action 'create' could not be found for PinsController):
  
actionpack (5.0.7) lib/abstract_controller/base.rb:121:in `process'
actionview (5.0.7) lib/action_view/rendering.rb:30:in `process'
actionpack (5.0.7) lib/action_controller/metal.rb:190:in `dispatch'
actionpack (5.0.7) lib/action_controller/metal.rb:262:in `dispatch'
actionpack (5.0.7) lib/action_dispatch/routing/route_set.rb:50:in `dispatch'
actionpack (5.0.7) lib/action_dispatch/routing/route_set.rb:32:in `serve'
actionpack (5.0.7) lib/action_dispatch/journey/router.rb:39:in `block in serve'
actionpack (5.0.7) lib/action_dispatch/journey/router.rb:26:in `each'
actionpack (5.0.7) lib/action_dispatch/journey/router.rb:26:in `serve'
actionpack (5.0.7) lib/action_dispatch/routing/route_set.rb:727:in `call'
warden (1.2.7) lib/warden/manager.rb:36:in `block in call'
warden (1.2.7) lib/warden/manager.rb:35:in `catch'
warden (1.2.7) lib/warden/manager.rb:35:in `call'
rack (2.0.5) lib/rack/etag.rb:25:in `call'
rack (2.0.5) lib/rack/conditional_get.rb:38:in `call'
rack (2.0.5) lib/rack/head.rb:12:in `call'
rack (2.0.5) lib/rack/session/abstract/id.rb:232:in `context'
rack (2.0.5) lib/rack/session/abstract/id.rb:226:in `call'
actionpack (5.0.7) lib/action_dispatch/middleware/cookies.rb:613:in `call'
activerecord (5.0.7) lib/active_record/migration.rb:553:in `call'
actionpack (5.0.7) lib/action_dispatch/middleware/callbacks.rb:38:in `block in call'
activesupport (5.0.7) lib/active_support/callbacks.rb:97:in `__run_callbacks__'
activesupport (5.0.7) lib/active_support/callbacks.rb:750:in `_run_call_callbacks'
activesupport (5.0.7) lib/active_support/callbacks.rb:90:in `run_callbacks'
actionpack (5.0.7) lib/action_dispatch/middleware/callbacks.rb:36:in `call'
actionpack (5.0.7) lib/action_dispatch/middleware/executor.rb:12:in `call'
actionpack (5.0.7) lib/action_dispatch/middleware/remote_ip.rb:79:in `call'
actionpack (5.0.7) lib/action_dispatch/middleware/debug_exceptions.rb:49:in `call'
web-console (2.3.0) lib/web_console/middleware.rb:28:in `block in call'
web-console (2.3.0) lib/web_console/middleware.rb:18:in `catch'
web-console (2.3.0) lib/web_console/middleware.rb:18:in `call'
actionpack (5.0.7) lib/action_dispatch/middleware/show_exceptions.rb:31:in `call'
railties (5.0.7) lib/rails/rack/logger.rb:36:in `call_app'
railties (5.0.7) lib/rails/rack/logger.rb:24:in `block in call'
activesupport (5.0.7) lib/active_support/tagged_logging.rb:69:in `block in tagged'
activesupport (5.0.7) lib/active_support/tagged_logging.rb:26:in `tagged'
activesupport (5.0.7) lib/active_support/tagged_logging.rb:69:in `tagged'
railties (5.0.7) lib/rails/rack/logger.rb:24:in `call'
actionpack (5.0.7) lib/action_dispatch/middleware/request_id.rb:24:in `call'
rack (2.0.5) lib/rack/method_override.rb:22:in `call'
rack (2.0.5) lib/rack/runtime.rb:22:in `call'
activesupport (5.0.7) lib/active_support/cache/strategy/local_cache_middleware.rb:28:in `call'
actionpack (5.0.7) lib/action_dispatch/middleware/executor.rb:12:in `call'
actionpack (5.0.7) lib/action_dispatch/middleware/static.rb:136:in `call'
rack (2.0.5) lib/rack/sendfile.rb:111:in `call'
railties (5.0.7) lib/rails/engine.rb:522:in `call'
thin (1.7.2) lib/thin/connection.rb:86:in `block in pre_process'
thin (1.7.2) lib/thin/connection.rb:84:in `catch'
thin (1.7.2) lib/thin/connection.rb:84:in `pre_process'
thin (1.7.2) lib/thin/connection.rb:53:in `process'
thin (1.7.2) lib/thin/connection.rb:39:in `receive_data'
eventmachine (1.2.7) lib/eventmachine.rb:195:in `run_machine'
eventmachine (1.2.7) lib/eventmachine.rb:195:in `run'
thin (1.7.2) lib/thin/backends/base.rb:73:in `start'
thin (1.7.2) lib/thin/server.rb:162:in `start'
rack (2.0.5) lib/rack/handler/thin.rb:22:in `run'
rack (2.0.5) lib/rack/server.rb:297:in `start'
railties (5.0.7) lib/rails/commands/server.rb:104:in `start'
railties (5.0.7) lib/rails/commands/commands_tasks.rb:90:in `block in server'
railties (5.0.7) lib/rails/commands/commands_tasks.rb:85:in `tap'
railties (5.0.7) lib/rails/commands/commands_tasks.rb:85:in `server'
railties (5.0.7) lib/rails/commands/commands_tasks.rb:49:in `run_command!'
railties (5.0.7) lib/rails/commands.rb:18:in `<top (required)>'
bin/rails:9:in `require'
bin/rails:9:in `<top (required)>'
spring (2.0.2) lib/spring/client/rails.rb:28:in `load'
spring (2.0.2) lib/spring/client/rails.rb:28:in `call'
spring (2.0.2) lib/spring/client/command.rb:7:in `call'
spring (2.0.2) lib/spring/client.rb:30:in `run'
spring (2.0.2) bin/spring:49:in `<top (required)>'
spring (2.0.2) lib/spring/binstub.rb:31:in `load'
spring (2.0.2) lib/spring/binstub.rb:31:in `<top (required)>'
bin/spring:15:in `require'
bin/spring:15:in `<top (required)>'
bin/rails:3:in `load'
bin/rails:3:in `<main>'
  Rendering /home/dshop/.rvm/gems/ruby-2.6.1/gems/actionpack-5.0.7/lib/action_dispatch/middleware/templates/rescues/unknown_action.html.erb within rescues/layout
  Rendered /home/dshop/.rvm/gems/ruby-2.6.1/gems/actionpack-5.0.7/lib/action_dispatch/middleware/templates/rescues/unknown_action.html.erb within rescues/layout (0.4ms)
DEPRECATION WARNING: Accessing mime types via constants is deprecated. Please change `Mime::HTML` to `Mime[:html]`. (called from require at /home/dshop/Projects/Advertising/bin/rails:9)
  Rendering /home/dshop/.rvm/gems/ruby-2.6.1/gems/web-console-2.3.0/lib/web_console/templates/index.html.erb
  Rendered /home/dshop/.rvm/gems/ruby-2.6.1/gems/web-console-2.3.0/lib/web_console/templates/_markup.html.erb (0.3ms)
  Rendering /home/dshop/.rvm/gems/ruby-2.6.1/gems/web-console-2.3.0/lib/web_console/templates/console.js.erb within layouts/javascript
  Rendering /home/dshop/.rvm/gems/ruby-2.6.1/gems/web-console-2.3.0/lib/web_console/templates/_inner_console_markup.html.erb within layouts/inlined_string
  Rendered /home/dshop/.rvm/gems/ruby-2.6.1/gems/web-console-2.3.0/lib/web_console/templates/_inner_console_markup.html.erb within layouts/inlined_string (0.3ms)
  Rendering /home/dshop/.rvm/gems/ruby-2.6.1/gems/web-console-2.3.0/lib/web_console/templates/_prompt_box_markup.html.erb within layouts/inlined_string
  Rendered /home/dshop/.rvm/gems/ruby-2.6.1/gems/web-console-2.3.0/lib/web_console/templates/_prompt_box_markup.html.erb within layouts/inlined_string (0.3ms)
  Rendering /home/dshop/.rvm/gems/ruby-2.6.1/gems/web-console-2.3.0/lib/web_console/templates/style.css.erb within layouts/inlined_string
  Rendered /home/dshop/.rvm/gems/ruby-2.6.1/gems/web-console-2.3.0/lib/web_console/templates/style.css.erb within layouts/inlined_string (0.2ms)
DEPRECATION WARNING: Accessing mime types via constants is deprecated. Please change `Mime::WEB_CONSOLE_V2` to `Mime[:web_console_v2]`. (called from require at /home/dshop/Projects/Advertising/bin/rails:9)
  Rendered /home/dshop/.rvm/gems/ruby-2.6.1/gems/web-console-2.3.0/lib/web_console/templates/console.js.erb within layouts/javascript (13.3ms)
  Rendering /home/dshop/.rvm/gems/ruby-2.6.1/gems/web-console-2.3.0/lib/web_console/templates/main.js.erb within layouts/javascript
  Rendered /home/dshop/.rvm/gems/ruby-2.6.1/gems/web-console-2.3.0/lib/web_console/templates/main.js.erb within layouts/javascript (0.2ms)
  Rendering /home/dshop/.rvm/gems/ruby-2.6.1/gems/web-console-2.3.0/lib/web_console/templates/error_page.js.erb within layouts/javascript
  Rendered /home/dshop/.rvm/gems/ruby-2.6.1/gems/web-console-2.3.0/lib/web_console/templates/error_page.js.erb within layouts/javascript (0.3ms)
  Rendered /home/dshop/.rvm/gems/ruby-2.6.1/gems/web-console-2.3.0/lib/web_console/templates/index.html.erb (24.8ms)
Started GET "/" for 127.0.0.1 at 2020-10-28 15:12:05 +0300
Processing by PinsController#index as HTML
  Rendering pins/index.html.erb within layouts/application
  [1m[36mTag Load (0.1ms)[0m  [1m[34mSELECT `tags`.* FROM `tags`[0m
  [1m[36mPin Load (0.1ms)[0m  [1m[34mSELECT `pins`.* FROM `pins` ORDER BY created_at DESC[0m
  Rendered pins/index.html.erb within layouts/application (7.0ms)
  [1m[36mUser Load (0.2ms)[0m  [1m[34mSELECT  `users`.* FROM `users` WHERE `users`.`id` = 1 ORDER BY `users`.`id` ASC LIMIT 1[0m
  [1m[36mCategory Load (0.1ms)[0m  [1m[34mSELECT `categories`.* FROM `categories` WHERE `categories`.`ancestry` IS NULL[0m
Completed 200 OK in 82ms (Views: 80.9ms | ActiveRecord: 0.5ms)


Started GET "/images/github-logo.svg" for 127.0.0.1 at 2020-10-28 15:12:05 +0300
  
ActionController::RoutingError (No route matches [GET] "/images/github-logo.svg"):
  
actionpack (5.0.7) lib/action_dispatch/middleware/debug_exceptions.rb:53:in `call'
web-console (2.3.0) lib/web_console/middleware.rb:28:in `block in call'
web-console (2.3.0) lib/web_console/middleware.rb:18:in `catch'
web-console (2.3.0) lib/web_console/middleware.rb:18:in `call'
actionpack (5.0.7) lib/action_dispatch/middleware/show_exceptions.rb:31:in `call'
railties (5.0.7) lib/rails/rack/logger.rb:36:in `call_app'
railties (5.0.7) lib/rails/rack/logger.rb:24:in `block in call'
activesupport (5.0.7) lib/active_support/tagged_logging.rb:69:in `block in tagged'
activesupport (5.0.7) lib/active_support/tagged_logging.rb:26:in `tagged'
activesupport (5.0.7) lib/active_support/tagged_logging.rb:69:in `tagged'
railties (5.0.7) lib/rails/rack/logger.rb:24:in `call'
actionpack (5.0.7) lib/action_dispatch/middleware/request_id.rb:24:in `call'
rack (2.0.5) lib/rack/method_override.rb:22:in `call'
rack (2.0.5) lib/rack/runtime.rb:22:in `call'
activesupport (5.0.7) lib/active_support/cache/strategy/local_cache_middleware.rb:28:in `call'
actionpack (5.0.7) lib/action_dispatch/middleware/executor.rb:12:in `call'
actionpack (5.0.7) lib/action_dispatch/middleware/static.rb:136:in `call'
rack (2.0.5) lib/rack/sendfile.rb:111:in `call'
railties (5.0.7) lib/rails/engine.rb:522:in `call'
thin (1.7.2) lib/thin/connection.rb:86:in `block in pre_process'
thin (1.7.2) lib/thin/connection.rb:84:in `catch'
thin (1.7.2) lib/thin/connection.rb:84:in `pre_process'
thin (1.7.2) lib/thin/connection.rb:53:in `process'
thin (1.7.2) lib/thin/connection.rb:39:in `receive_data'
eventmachine (1.2.7) lib/eventmachine.rb:195:in `run_machine'
eventmachine (1.2.7) lib/eventmachine.rb:195:in `run'
thin (1.7.2) lib/thin/backends/base.rb:73:in `start'
thin (1.7.2) lib/thin/server.rb:162:in `start'
rack (2.0.5) lib/rack/handler/thin.rb:22:in `run'
rack (2.0.5) lib/rack/server.rb:297:in `start'
railties (5.0.7) lib/rails/commands/server.rb:104:in `start'
railties (5.0.7) lib/rails/commands/commands_tasks.rb:90:in `block in server'
railties (5.0.7) lib/rails/commands/commands_tasks.rb:85:in `tap'
railties (5.0.7) lib/rails/commands/commands_tasks.rb:85:in `server'
railties (5.0.7) lib/rails/commands/commands_tasks.rb:49:in `run_command!'
railties (5.0.7) lib/rails/commands.rb:18:in `<top (required)>'
bin/rails:9:in `require'
bin/rails:9:in `<top (required)>'
spring (2.0.2) lib/spring/client/rails.rb:28:in `load'
spring (2.0.2) lib/spring/client/rails.rb:28:in `call'
spring (2.0.2) lib/spring/client/command.rb:7:in `call'
spring (2.0.2) lib/spring/client.rb:30:in `run'
spring (2.0.2) bin/spring:49:in `<top (required)>'
spring (2.0.2) lib/spring/binstub.rb:31:in `load'
spring (2.0.2) lib/spring/binstub.rb:31:in `<top (required)>'
bin/spring:15:in `require'
bin/spring:15:in `<top (required)>'
bin/rails:3:in `load'
bin/rails:3:in `<main>'
  Rendering /home/dshop/.rvm/gems/ruby-2.6.1/gems/actionpack-5.0.7/lib/action_dispatch/middleware/templates/rescues/routing_error.html.erb within rescues/layout
  Rendering /home/dshop/.rvm/gems/ruby-2.6.1/gems/actionpack-5.0.7/lib/action_dispatch/middleware/templates/rescues/_trace.html.erb
  Rendered /home/dshop/.rvm/gems/ruby-2.6.1/gems/actionpack-5.0.7/lib/action_dispatch/middleware/templates/rescues/_trace.html.erb (1.4ms)
  Rendered collection of /home/dshop/.rvm/gems/ruby-2.6.1/gems/actionpack-5.0.7/lib/action_dispatch/middleware/templates/routes/_route.html.erb [42 times] (11.4ms)
  Rendered /home/dshop/.rvm/gems/ruby-2.6.1/gems/actionpack-5.0.7/lib/action_dispatch/middleware/templates/routes/_table.html.erb (1.5ms)
  Rendering /home/dshop/.rvm/gems/ruby-2.6.1/gems/actionpack-5.0.7/lib/action_dispatch/middleware/templates/rescues/_request_and_response.html.erb
  Rendered /home/dshop/.rvm/gems/ruby-2.6.1/gems/actionpack-5.0.7/lib/action_dispatch/middleware/templates/rescues/_request_and_response.html.erb (1.3ms)
  Rendered /home/dshop/.rvm/gems/ruby-2.6.1/gems/actionpack-5.0.7/lib/action_dispatch/middleware/templates/rescues/routing_error.html.erb within rescues/layout (34.5ms)
DEPRECATION WARNING: Accessing mime types via constants is deprecated. Please change `Mime::HTML` to `Mime[:html]`. (called from require at /home/dshop/Projects/Advertising/bin/rails:9)
  Rendering /home/dshop/.rvm/gems/ruby-2.6.1/gems/web-console-2.3.0/lib/web_console/templates/index.html.erb
  Rendered /home/dshop/.rvm/gems/ruby-2.6.1/gems/web-console-2.3.0/lib/web_console/templates/_markup.html.erb (0.4ms)
  Rendering /home/dshop/.rvm/gems/ruby-2.6.1/gems/web-console-2.3.0/lib/web_console/templates/console.js.erb within layouts/javascript
  Rendering /home/dshop/.rvm/gems/ruby-2.6.1/gems/web-console-2.3.0/lib/web_console/templates/_inner_console_markup.html.erb within layouts/inlined_string
  Rendered /home/dshop/.rvm/gems/ruby-2.6.1/gems/web-console-2.3.0/lib/web_console/templates/_inner_console_markup.html.erb within layouts/inlined_string (0.4ms)
  Rendering /home/dshop/.rvm/gems/ruby-2.6.1/gems/web-console-2.3.0/lib/web_console/templates/_prompt_box_markup.html.erb within layouts/inlined_string
  Rendered /home/dshop/.rvm/gems/ruby-2.6.1/gems/web-console-2.3.0/lib/web_console/templates/_prompt_box_markup.html.erb within layouts/inlined_string (0.3ms)
  Rendering /home/dshop/.rvm/gems/ruby-2.6.1/gems/web-console-2.3.0/lib/web_console/templates/style.css.erb within layouts/inlined_string
  Rendered /home/dshop/.rvm/gems/ruby-2.6.1/gems/web-console-2.3.0/lib/web_console/templates/style.css.erb within layouts/inlined_string (0.2ms)
DEPRECATION WARNING: Accessing mime types via constants is deprecated. Please change `Mime::WEB_CONSOLE_V2` to `Mime[:web_console_v2]`. (called from require at /home/dshop/Projects/Advertising/bin/rails:9)
  Rendered /home/dshop/.rvm/gems/ruby-2.6.1/gems/web-console-2.3.0/lib/web_console/templates/console.js.erb within layouts/javascript (15.2ms)
  Rendering /home/dshop/.rvm/gems/ruby-2.6.1/gems/web-console-2.3.0/lib/web_console/templates/main.js.erb within layouts/javascript
  Rendered /home/dshop/.rvm/gems/ruby-2.6.1/gems/web-console-2.3.0/lib/web_console/templates/main.js.erb within layouts/javascript (0.3ms)
  Rendering /home/dshop/.rvm/gems/ruby-2.6.1/gems/web-console-2.3.0/lib/web_console/templates/error_page.js.erb within layouts/javascript
  Rendered /home/dshop/.rvm/gems/ruby-2.6.1/gems/web-console-2.3.0/lib/web_console/templates/error_page.js.erb within layouts/javascript (0.5ms)
  Rendered /home/dshop/.rvm/gems/ruby-2.6.1/gems/web-console-2.3.0/lib/web_console/templates/index.html.erb (29.3ms)
Started GET "/users/edit" for 127.0.0.1 at 2020-10-28 15:12:13 +0300
Processing by Devise::RegistrationsController#edit as HTML
  [1m[36mUser Load (0.2ms)[0m  [1m[34mSELECT  `users`.* FROM `users` WHERE `users`.`id` = 1 ORDER BY `users`.`id` ASC LIMIT 1[0m
  Rendering devise/registrations/edit.html.erb within layouts/application
  Rendered devise/registrations/edit.html.erb within layouts/application (6.9ms)
  [1m[36mCategory Load (0.1ms)[0m  [1m[34mSELECT `categories`.* FROM `categories` WHERE `categories`.`ancestry` IS NULL[0m
Completed 200 OK in 68ms (Views: 65.5ms | ActiveRecord: 0.3ms)


Started GET "/pins/new" for 127.0.0.1 at 2020-10-28 15:12:18 +0300
Processing by PinsController#new as HTML
  [1m[36mUser Load (0.3ms)[0m  [1m[34mSELECT  `users`.* FROM `users` WHERE `users`.`id` = 1 ORDER BY `users`.`id` ASC LIMIT 1[0m
  Rendering pins/new.html.erb within layouts/application
  [1m[36mCategory Load (0.1ms)[0m  [1m[34mSELECT `categories`.* FROM `categories` ORDER BY `categories`.`name` ASC[0m
  Rendered pins/_form.html.erb (10.0ms)
  Rendered pins/new.html.erb within layouts/application (10.8ms)
  [1m[36mCategory Load (0.1ms)[0m  [1m[34mSELECT `categories`.* FROM `categories` WHERE `categories`.`ancestry` IS NULL[0m
Completed 200 OK in 50ms (Views: 47.1ms | ActiveRecord: 0.5ms)


Started GET "/" for 127.0.0.1 at 2020-10-28 15:12:26 +0300
Processing by PinsController#index as HTML
  Rendering pins/index.html.erb within layouts/application
  [1m[36mTag Load (0.1ms)[0m  [1m[34mSELECT `tags`.* FROM `tags`[0m
  [1m[36mPin Load (0.1ms)[0m  [1m[34mSELECT `pins`.* FROM `pins` ORDER BY created_at DESC[0m
  Rendered pins/index.html.erb within layouts/application (6.6ms)
  [1m[36mUser Load (0.1ms)[0m  [1m[34mSELECT  `users`.* FROM `users` WHERE `users`.`id` = 1 ORDER BY `users`.`id` ASC LIMIT 1[0m
  [1m[36mCategory Load (0.1ms)[0m  [1m[34mSELECT `categories`.* FROM `categories` WHERE `categories`.`ancestry` IS NULL[0m
Completed 200 OK in 45ms (Views: 43.7ms | ActiveRecord: 0.4ms)


Started GET "/images/github-logo.svg" for 127.0.0.1 at 2020-10-28 15:12:26 +0300
  
ActionController::RoutingError (No route matches [GET] "/images/github-logo.svg"):
  
actionpack (5.0.7) lib/action_dispatch/middleware/debug_exceptions.rb:53:in `call'
web-console (2.3.0) lib/web_console/middleware.rb:28:in `block in call'
web-console (2.3.0) lib/web_console/middleware.rb:18:in `catch'
web-console (2.3.0) lib/web_console/middleware.rb:18:in `call'
actionpack (5.0.7) lib/action_dispatch/middleware/show_exceptions.rb:31:in `call'
railties (5.0.7) lib/rails/rack/logger.rb:36:in `call_app'
railties (5.0.7) lib/rails/rack/logger.rb:24:in `block in call'
activesupport (5.0.7) lib/active_support/tagged_logging.rb:69:in `block in tagged'
activesupport (5.0.7) lib/active_support/tagged_logging.rb:26:in `tagged'
activesupport (5.0.7) lib/active_support/tagged_logging.rb:69:in `tagged'
railties (5.0.7) lib/rails/rack/logger.rb:24:in `call'
actionpack (5.0.7) lib/action_dispatch/middleware/request_id.rb:24:in `call'
rack (2.0.5) lib/rack/method_override.rb:22:in `call'
rack (2.0.5) lib/rack/runtime.rb:22:in `call'
activesupport (5.0.7) lib/active_support/cache/strategy/local_cache_middleware.rb:28:in `call'
actionpack (5.0.7) lib/action_dispatch/middleware/executor.rb:12:in `call'
actionpack (5.0.7) lib/action_dispatch/middleware/static.rb:136:in `call'
rack (2.0.5) lib/rack/sendfile.rb:111:in `call'
railties (5.0.7) lib/rails/engine.rb:522:in `call'
thin (1.7.2) lib/thin/connection.rb:86:in `block in pre_process'
thin (1.7.2) lib/thin/connection.rb:84:in `catch'
thin (1.7.2) lib/thin/connection.rb:84:in `pre_process'
thin (1.7.2) lib/thin/connection.rb:53:in `process'
thin (1.7.2) lib/thin/connection.rb:39:in `receive_data'
eventmachine (1.2.7) lib/eventmachine.rb:195:in `run_machine'
eventmachine (1.2.7) lib/eventmachine.rb:195:in `run'
thin (1.7.2) lib/thin/backends/base.rb:73:in `start'
thin (1.7.2) lib/thin/server.rb:162:in `start'
rack (2.0.5) lib/rack/handler/thin.rb:22:in `run'
rack (2.0.5) lib/rack/server.rb:297:in `start'
railties (5.0.7) lib/rails/commands/server.rb:104:in `start'
railties (5.0.7) lib/rails/commands/commands_tasks.rb:90:in `block in server'
railties (5.0.7) lib/rails/commands/commands_tasks.rb:85:in `tap'
railties (5.0.7) lib/rails/commands/commands_tasks.rb:85:in `server'
railties (5.0.7) lib/rails/commands/commands_tasks.rb:49:in `run_command!'
railties (5.0.7) lib/rails/commands.rb:18:in `<top (required)>'
bin/rails:9:in `require'
bin/rails:9:in `<top (required)>'
spring (2.0.2) lib/spring/client/rails.rb:28:in `load'
spring (2.0.2) lib/spring/client/rails.rb:28:in `call'
spring (2.0.2) lib/spring/client/command.rb:7:in `call'
spring (2.0.2) lib/spring/client.rb:30:in `run'
spring (2.0.2) bin/spring:49:in `<top (required)>'
spring (2.0.2) lib/spring/binstub.rb:31:in `load'
spring (2.0.2) lib/spring/binstub.rb:31:in `<top (required)>'
bin/spring:15:in `require'
bin/spring:15:in `<top (required)>'
bin/rails:3:in `load'
bin/rails:3:in `<main>'
  Rendering /home/dshop/.rvm/gems/ruby-2.6.1/gems/actionpack-5.0.7/lib/action_dispatch/middleware/templates/rescues/routing_error.html.erb within rescues/layout
  Rendering /home/dshop/.rvm/gems/ruby-2.6.1/gems/actionpack-5.0.7/lib/action_dispatch/middleware/templates/rescues/_trace.html.erb
  Rendered /home/dshop/.rvm/gems/ruby-2.6.1/gems/actionpack-5.0.7/lib/action_dispatch/middleware/templates/rescues/_trace.html.erb (1.9ms)
  Rendered collection of /home/dshop/.rvm/gems/ruby-2.6.1/gems/actionpack-5.0.7/lib/action_dispatch/middleware/templates/routes/_route.html.erb [42 times] (11.4ms)
  Rendered /home/dshop/.rvm/gems/ruby-2.6.1/gems/actionpack-5.0.7/lib/action_dispatch/middleware/templates/routes/_table.html.erb (1.4ms)
  Rendering /home/dshop/.rvm/gems/ruby-2.6.1/gems/actionpack-5.0.7/lib/action_dispatch/middleware/templates/rescues/_request_and_response.html.erb
  Rendered /home/dshop/.rvm/gems/ruby-2.6.1/gems/actionpack-5.0.7/lib/action_dispatch/middleware/templates/rescues/_request_and_response.html.erb (1.5ms)
  Rendered /home/dshop/.rvm/gems/ruby-2.6.1/gems/actionpack-5.0.7/lib/action_dispatch/middleware/templates/rescues/routing_error.html.erb within rescues/layout (35.3ms)
DEPRECATION WARNING: Accessing mime types via constants is deprecated. Please change `Mime::HTML` to `Mime[:html]`. (called from require at /home/dshop/Projects/Advertising/bin/rails:9)
  Rendering /home/dshop/.rvm/gems/ruby-2.6.1/gems/web-console-2.3.0/lib/web_console/templates/index.html.erb
  Rendered /home/dshop/.rvm/gems/ruby-2.6.1/gems/web-console-2.3.0/lib/web_console/templates/_markup.html.erb (0.3ms)
  Rendering /home/dshop/.rvm/gems/ruby-2.6.1/gems/web-console-2.3.0/lib/web_console/templates/console.js.erb within layouts/javascript
  Rendering /home/dshop/.rvm/gems/ruby-2.6.1/gems/web-console-2.3.0/lib/web_console/templates/_inner_console_markup.html.erb within layouts/inlined_string
  Rendered /home/dshop/.rvm/gems/ruby-2.6.1/gems/web-console-2.3.0/lib/web_console/templates/_inner_console_markup.html.erb within layouts/inlined_string (0.4ms)
  Rendering /home/dshop/.rvm/gems/ruby-2.6.1/gems/web-console-2.3.0/lib/web_console/templates/_prompt_box_markup.html.erb within layouts/inlined_string
  Rendered /home/dshop/.rvm/gems/ruby-2.6.1/gems/web-console-2.3.0/lib/web_console/templates/_prompt_box_markup.html.erb within layouts/inlined_string (0.3ms)
  Rendering /home/dshop/.rvm/gems/ruby-2.6.1/gems/web-console-2.3.0/lib/web_console/templates/style.css.erb within layouts/inlined_string
  Rendered /home/dshop/.rvm/gems/ruby-2.6.1/gems/web-console-2.3.0/lib/web_console/templates/style.css.erb within layouts/inlined_string (0.4ms)
DEPRECATION WARNING: Accessing mime types via constants is deprecated. Please change `Mime::WEB_CONSOLE_V2` to `Mime[:web_console_v2]`. (called from require at /home/dshop/Projects/Advertising/bin/rails:9)
  Rendered /home/dshop/.rvm/gems/ruby-2.6.1/gems/web-console-2.3.0/lib/web_console/templates/console.js.erb within layouts/javascript (18.1ms)
  Rendering /home/dshop/.rvm/gems/ruby-2.6.1/gems/web-console-2.3.0/lib/web_console/templates/main.js.erb within layouts/javascript
  Rendered /home/dshop/.rvm/gems/ruby-2.6.1/gems/web-console-2.3.0/lib/web_console/templates/main.js.erb within layouts/javascript (0.4ms)
  Rendering /home/dshop/.rvm/gems/ruby-2.6.1/gems/web-console-2.3.0/lib/web_console/templates/error_page.js.erb within layouts/javascript
  Rendered /home/dshop/.rvm/gems/ruby-2.6.1/gems/web-console-2.3.0/lib/web_console/templates/error_page.js.erb within layouts/javascript (0.4ms)
  Rendered /home/dshop/.rvm/gems/ruby-2.6.1/gems/web-console-2.3.0/lib/web_console/templates/index.html.erb (33.9ms)
Started GET "/pins/new" for 127.0.0.1 at 2020-10-28 15:13:59 +0300
Processing by PinsController#new as HTML
  [1m[36mUser Load (0.1ms)[0m  [1m[34mSELECT  `users`.* FROM `users` WHERE `users`.`id` = 1 ORDER BY `users`.`id` ASC LIMIT 1[0m
  Rendering pins/new.html.erb within layouts/application
  [1m[36mCategory Load (0.1ms)[0m  [1m[34mSELECT `categories`.* FROM `categories` ORDER BY `categories`.`name` ASC[0m
  Rendered pins/_form.html.erb (10.2ms)
  Rendered pins/new.html.erb within layouts/application (11.1ms)
  [1m[36mCategory Load (0.2ms)[0m  [1m[34mSELECT `categories`.* FROM `categories` WHERE `categories`.`ancestry` IS NULL[0m
Completed 200 OK in 51ms (Views: 48.1ms | ActiveRecord: 0.4ms)


Started POST "/pins" for 127.0.0.1 at 2020-10-28 15:14:15 +0300
  
AbstractController::ActionNotFound (The action 'create' could not be found for PinsController):
  
actionpack (5.0.7) lib/abstract_controller/base.rb:121:in `process'
actionview (5.0.7) lib/action_view/rendering.rb:30:in `process'
actionpack (5.0.7) lib/action_controller/metal.rb:190:in `dispatch'
actionpack (5.0.7) lib/action_controller/metal.rb:262:in `dispatch'
actionpack (5.0.7) lib/action_dispatch/routing/route_set.rb:50:in `dispatch'
actionpack (5.0.7) lib/action_dispatch/routing/route_set.rb:32:in `serve'
actionpack (5.0.7) lib/action_dispatch/journey/router.rb:39:in `block in serve'
actionpack (5.0.7) lib/action_dispatch/journey/router.rb:26:in `each'
actionpack (5.0.7) lib/action_dispatch/journey/router.rb:26:in `serve'
actionpack (5.0.7) lib/action_dispatch/routing/route_set.rb:727:in `call'
warden (1.2.7) lib/warden/manager.rb:36:in `block in call'
warden (1.2.7) lib/warden/manager.rb:35:in `catch'
warden (1.2.7) lib/warden/manager.rb:35:in `call'
rack (2.0.5) lib/rack/etag.rb:25:in `call'
rack (2.0.5) lib/rack/conditional_get.rb:38:in `call'
rack (2.0.5) lib/rack/head.rb:12:in `call'
rack (2.0.5) lib/rack/session/abstract/id.rb:232:in `context'
rack (2.0.5) lib/rack/session/abstract/id.rb:226:in `call'
actionpack (5.0.7) lib/action_dispatch/middleware/cookies.rb:613:in `call'
activerecord (5.0.7) lib/active_record/migration.rb:553:in `call'
actionpack (5.0.7) lib/action_dispatch/middleware/callbacks.rb:38:in `block in call'
activesupport (5.0.7) lib/active_support/callbacks.rb:97:in `__run_callbacks__'
activesupport (5.0.7) lib/active_support/callbacks.rb:750:in `_run_call_callbacks'
activesupport (5.0.7) lib/active_support/callbacks.rb:90:in `run_callbacks'
actionpack (5.0.7) lib/action_dispatch/middleware/callbacks.rb:36:in `call'
actionpack (5.0.7) lib/action_dispatch/middleware/executor.rb:12:in `call'
actionpack (5.0.7) lib/action_dispatch/middleware/remote_ip.rb:79:in `call'
actionpack (5.0.7) lib/action_dispatch/middleware/debug_exceptions.rb:49:in `call'
web-console (2.3.0) lib/web_console/middleware.rb:28:in `block in call'
web-console (2.3.0) lib/web_console/middleware.rb:18:in `catch'
web-console (2.3.0) lib/web_console/middleware.rb:18:in `call'
actionpack (5.0.7) lib/action_dispatch/middleware/show_exceptions.rb:31:in `call'
railties (5.0.7) lib/rails/rack/logger.rb:36:in `call_app'
railties (5.0.7) lib/rails/rack/logger.rb:24:in `block in call'
activesupport (5.0.7) lib/active_support/tagged_logging.rb:69:in `block in tagged'
activesupport (5.0.7) lib/active_support/tagged_logging.rb:26:in `tagged'
activesupport (5.0.7) lib/active_support/tagged_logging.rb:69:in `tagged'
railties (5.0.7) lib/rails/rack/logger.rb:24:in `call'
actionpack (5.0.7) lib/action_dispatch/middleware/request_id.rb:24:in `call'
rack (2.0.5) lib/rack/method_override.rb:22:in `call'
rack (2.0.5) lib/rack/runtime.rb:22:in `call'
activesupport (5.0.7) lib/active_support/cache/strategy/local_cache_middleware.rb:28:in `call'
actionpack (5.0.7) lib/action_dispatch/middleware/executor.rb:12:in `call'
actionpack (5.0.7) lib/action_dispatch/middleware/static.rb:136:in `call'
rack (2.0.5) lib/rack/sendfile.rb:111:in `call'
railties (5.0.7) lib/rails/engine.rb:522:in `call'
thin (1.7.2) lib/thin/connection.rb:86:in `block in pre_process'
thin (1.7.2) lib/thin/connection.rb:84:in `catch'
thin (1.7.2) lib/thin/connection.rb:84:in `pre_process'
thin (1.7.2) lib/thin/connection.rb:53:in `process'
thin (1.7.2) lib/thin/connection.rb:39:in `receive_data'
eventmachine (1.2.7) lib/eventmachine.rb:195:in `run_machine'
eventmachine (1.2.7) lib/eventmachine.rb:195:in `run'
thin (1.7.2) lib/thin/backends/base.rb:73:in `start'
thin (1.7.2) lib/thin/server.rb:162:in `start'
rack (2.0.5) lib/rack/handler/thin.rb:22:in `run'
rack (2.0.5) lib/rack/server.rb:297:in `start'
railties (5.0.7) lib/rails/commands/server.rb:104:in `start'
railties (5.0.7) lib/rails/commands/commands_tasks.rb:90:in `block in server'
railties (5.0.7) lib/rails/commands/commands_tasks.rb:85:in `tap'
railties (5.0.7) lib/rails/commands/commands_tasks.rb:85:in `server'
railties (5.0.7) lib/rails/commands/commands_tasks.rb:49:in `run_command!'
railties (5.0.7) lib/rails/commands.rb:18:in `<top (required)>'
bin/rails:9:in `require'
bin/rails:9:in `<top (required)>'
spring (2.0.2) lib/spring/client/rails.rb:28:in `load'
spring (2.0.2) lib/spring/client/rails.rb:28:in `call'
spring (2.0.2) lib/spring/client/command.rb:7:in `call'
spring (2.0.2) lib/spring/client.rb:30:in `run'
spring (2.0.2) bin/spring:49:in `<top (required)>'
spring (2.0.2) lib/spring/binstub.rb:31:in `load'
spring (2.0.2) lib/spring/binstub.rb:31:in `<top (required)>'
bin/spring:15:in `require'
bin/spring:15:in `<top (required)>'
bin/rails:3:in `load'
bin/rails:3:in `<main>'
  Rendering /home/dshop/.rvm/gems/ruby-2.6.1/gems/actionpack-5.0.7/lib/action_dispatch/middleware/templates/rescues/unknown_action.html.erb within rescues/layout
  Rendered /home/dshop/.rvm/gems/ruby-2.6.1/gems/actionpack-5.0.7/lib/action_dispatch/middleware/templates/rescues/unknown_action.html.erb within rescues/layout (0.4ms)
DEPRECATION WARNING: Accessing mime types via constants is deprecated. Please change `Mime::HTML` to `Mime[:html]`. (called from require at /home/dshop/Projects/Advertising/bin/rails:9)
  Rendering /home/dshop/.rvm/gems/ruby-2.6.1/gems/web-console-2.3.0/lib/web_console/templates/index.html.erb
  Rendered /home/dshop/.rvm/gems/ruby-2.6.1/gems/web-console-2.3.0/lib/web_console/templates/_markup.html.erb (0.3ms)
  Rendering /home/dshop/.rvm/gems/ruby-2.6.1/gems/web-console-2.3.0/lib/web_console/templates/console.js.erb within layouts/javascript
  Rendering /home/dshop/.rvm/gems/ruby-2.6.1/gems/web-console-2.3.0/lib/web_console/templates/_inner_console_markup.html.erb within layouts/inlined_string
  Rendered /home/dshop/.rvm/gems/ruby-2.6.1/gems/web-console-2.3.0/lib/web_console/templates/_inner_console_markup.html.erb within layouts/inlined_string (0.3ms)
  Rendering /home/dshop/.rvm/gems/ruby-2.6.1/gems/web-console-2.3.0/lib/web_console/templates/_prompt_box_markup.html.erb within layouts/inlined_string
  Rendered /home/dshop/.rvm/gems/ruby-2.6.1/gems/web-console-2.3.0/lib/web_console/templates/_prompt_box_markup.html.erb within layouts/inlined_string (0.2ms)
  Rendering /home/dshop/.rvm/gems/ruby-2.6.1/gems/web-console-2.3.0/lib/web_console/templates/style.css.erb within layouts/inlined_string
  Rendered /home/dshop/.rvm/gems/ruby-2.6.1/gems/web-console-2.3.0/lib/web_console/templates/style.css.erb within layouts/inlined_string (0.3ms)
DEPRECATION WARNING: Accessing mime types via constants is deprecated. Please change `Mime::WEB_CONSOLE_V2` to `Mime[:web_console_v2]`. (called from require at /home/dshop/Projects/Advertising/bin/rails:9)
  Rendered /home/dshop/.rvm/gems/ruby-2.6.1/gems/web-console-2.3.0/lib/web_console/templates/console.js.erb within layouts/javascript (16.1ms)
  Rendering /home/dshop/.rvm/gems/ruby-2.6.1/gems/web-console-2.3.0/lib/web_console/templates/main.js.erb within layouts/javascript
  Rendered /home/dshop/.rvm/gems/ruby-2.6.1/gems/web-console-2.3.0/lib/web_console/templates/main.js.erb within layouts/javascript (0.3ms)
  Rendering /home/dshop/.rvm/gems/ruby-2.6.1/gems/web-console-2.3.0/lib/web_console/templates/error_page.js.erb within layouts/javascript
  Rendered /home/dshop/.rvm/gems/ruby-2.6.1/gems/web-console-2.3.0/lib/web_console/templates/error_page.js.erb within layouts/javascript (0.4ms)
  Rendered /home/dshop/.rvm/gems/ruby-2.6.1/gems/web-console-2.3.0/lib/web_console/templates/index.html.erb (29.3ms)
